mode: atomic
github.com/cafe24-dhkim05/redis-cluster-operator/pkg/apis/redis/v1alpha1/default.go:21.70,23.40 2 0
github.com/cafe24-dhkim05/redis-cluster-operator/pkg/apis/redis/v1alpha1/default.go:23.40,26.3 2 0
github.com/cafe24-dhkim05/redis-cluster-operator/pkg/apis/redis/v1alpha1/default.go:28.2,28.25 1 0
github.com/cafe24-dhkim05/redis-cluster-operator/pkg/apis/redis/v1alpha1/default.go:28.25,31.3 2 0
github.com/cafe24-dhkim05/redis-cluster-operator/pkg/apis/redis/v1alpha1/default.go:33.2,33.31 1 0
github.com/cafe24-dhkim05/redis-cluster-operator/pkg/apis/redis/v1alpha1/default.go:33.31,36.3 2 0
github.com/cafe24-dhkim05/redis-cluster-operator/pkg/apis/redis/v1alpha1/default.go:38.2,38.63 1 0
github.com/cafe24-dhkim05/redis-cluster-operator/pkg/apis/redis/v1alpha1/default.go:38.63,41.3 2 0
github.com/cafe24-dhkim05/redis-cluster-operator/pkg/apis/redis/v1alpha1/default.go:43.2,44.16 2 0
github.com/cafe24-dhkim05/redis-cluster-operator/pkg/apis/redis/v1alpha1/default.go:44.16,45.22 1 0
github.com/cafe24-dhkim05/redis-cluster-operator/pkg/apis/redis/v1alpha1/default.go:45.22,48.4 2 0
github.com/cafe24-dhkim05/redis-cluster-operator/pkg/apis/redis/v1alpha1/default.go:50.3,50.28 1 0
github.com/cafe24-dhkim05/redis-cluster-operator/pkg/apis/redis/v1alpha1/default.go:50.28,53.4 2 0
github.com/cafe24-dhkim05/redis-cluster-operator/pkg/apis/redis/v1alpha1/default.go:54.3,54.31 1 0
github.com/cafe24-dhkim05/redis-cluster-operator/pkg/apis/redis/v1alpha1/default.go:54.31,57.4 2 0
github.com/cafe24-dhkim05/redis-cluster-operator/pkg/apis/redis/v1alpha1/default.go:58.3,58.33 1 0
github.com/cafe24-dhkim05/redis-cluster-operator/pkg/apis/redis/v1alpha1/default.go:58.33,61.4 2 0
github.com/cafe24-dhkim05/redis-cluster-operator/pkg/apis/redis/v1alpha1/default.go:63.3,65.85 3 0
github.com/cafe24-dhkim05/redis-cluster-operator/pkg/apis/redis/v1alpha1/default.go:67.2,67.15 1 0
github.com/cafe24-dhkim05/redis-cluster-operator/pkg/apis/redis/v1alpha1/default.go:70.63,72.53 2 0
github.com/cafe24-dhkim05/redis-cluster-operator/pkg/apis/redis/v1alpha1/default.go:72.53,74.3 1 0
github.com/cafe24-dhkim05/redis-cluster-operator/pkg/apis/redis/v1alpha1/default.go:75.2,75.14 1 0
github.com/cafe24-dhkim05/redis-cluster-operator/pkg/apis/redis/v1alpha1/default.go:78.54,80.2 1 0
github.com/cafe24-dhkim05/redis-cluster-operator/pkg/apis/redis/v1alpha1/default.go:82.66,84.2 1 0
github.com/cafe24-dhkim05/redis-cluster-operator/pkg/apis/redis/v1alpha1/default.go:86.60,88.2 1 0
github.com/cafe24-dhkim05/redis-cluster-operator/pkg/apis/redis/v1alpha1/default.go:90.63,92.2 1 0
github.com/cafe24-dhkim05/redis-cluster-operator/pkg/apis/redis/v1alpha1/default.go:94.49,105.2 1 0
github.com/cafe24-dhkim05/redis-cluster-operator/pkg/apis/redis/v1alpha1/default.go:107.87,115.2 1 0
github.com/cafe24-dhkim05/redis-cluster-operator/pkg/apis/redis/v1alpha1/default.go:117.48,119.23 2 0
github.com/cafe24-dhkim05/redis-cluster-operator/pkg/apis/redis/v1alpha1/default.go:119.23,121.3 1 0
github.com/cafe24-dhkim05/redis-cluster-operator/pkg/apis/redis/v1alpha1/default.go:123.2,123.117 1 0
github.com/cafe24-dhkim05/redis-cluster-operator/pkg/apis/redis/v1alpha1/default.go:123.117,125.3 1 0
github.com/cafe24-dhkim05/redis-cluster-operator/pkg/apis/redis/v1alpha1/default.go:127.2,127.50 1 0
github.com/cafe24-dhkim05/redis-cluster-operator/pkg/apis/redis/v1alpha1/default.go:127.50,128.38 1 0
github.com/cafe24-dhkim05/redis-cluster-operator/pkg/apis/redis/v1alpha1/default.go:128.38,130.4 1 0
github.com/cafe24-dhkim05/redis-cluster-operator/pkg/apis/redis/v1alpha1/default.go:132.2,132.12 1 0
github.com/cafe24-dhkim05/redis-cluster-operator/pkg/apis/redis/v1alpha1/default.go:135.60,138.20 3 0
github.com/cafe24-dhkim05/redis-cluster-operator/pkg/apis/redis/v1alpha1/default.go:138.20,140.3 1 0
github.com/cafe24-dhkim05/redis-cluster-operator/pkg/apis/redis/v1alpha1/default.go:140.8,140.28 1 0
github.com/cafe24-dhkim05/redis-cluster-operator/pkg/apis/redis/v1alpha1/default.go:140.28,142.3 1 0
github.com/cafe24-dhkim05/redis-cluster-operator/pkg/apis/redis/v1alpha1/default.go:142.8,142.30 1 0
github.com/cafe24-dhkim05/redis-cluster-operator/pkg/apis/redis/v1alpha1/default.go:142.30,144.3 1 0
github.com/cafe24-dhkim05/redis-cluster-operator/pkg/apis/redis/v1alpha1/default.go:144.8,144.30 1 0
github.com/cafe24-dhkim05/redis-cluster-operator/pkg/apis/redis/v1alpha1/default.go:144.30,146.3 1 0
github.com/cafe24-dhkim05/redis-cluster-operator/pkg/apis/redis/v1alpha1/default.go:146.8,146.30 1 0
github.com/cafe24-dhkim05/redis-cluster-operator/pkg/apis/redis/v1alpha1/default.go:146.30,148.3 1 0
github.com/cafe24-dhkim05/redis-cluster-operator/pkg/apis/redis/v1alpha1/default.go:149.2,149.60 1 0
github.com/cafe24-dhkim05/redis-cluster-operator/pkg/apis/redis/v1alpha1/default.go:152.57,154.2 1 0
github.com/cafe24-dhkim05/redis-cluster-operator/pkg/apis/redis/v1alpha1/default.go:156.48,158.2 1 0
github.com/cafe24-dhkim05/redis-cluster-operator/pkg/apis/redis/v1alpha1/default.go:160.52,162.2 1 0
github.com/cafe24-dhkim05/redis-cluster-operator/pkg/apis/redis/v1alpha1/distributedrediscluster_types.go:165.13,167.2 1 1
github.com/cafe24-dhkim05/redis-cluster-operator/pkg/apis/redis/v1alpha1/distributedrediscluster_webhook.go:24.59,27.111 3 3
github.com/cafe24-dhkim05/redis-cluster-operator/pkg/apis/redis/v1alpha1/distributedrediscluster_webhook.go:27.111,29.3 1 1
github.com/cafe24-dhkim05/redis-cluster-operator/pkg/apis/redis/v1alpha1/distributedrediscluster_webhook.go:31.2,31.30 1 2
github.com/cafe24-dhkim05/redis-cluster-operator/pkg/apis/redis/v1alpha1/distributedrediscluster_webhook.go:31.30,32.116 1 2
github.com/cafe24-dhkim05/redis-cluster-operator/pkg/apis/redis/v1alpha1/distributedrediscluster_webhook.go:32.116,34.4 1 1
github.com/cafe24-dhkim05/redis-cluster-operator/pkg/apis/redis/v1alpha1/distributedrediscluster_webhook.go:37.2,37.12 1 1
github.com/cafe24-dhkim05/redis-cluster-operator/pkg/apis/redis/v1alpha1/distributedrediscluster_webhook.go:40.77,45.9 4 10
github.com/cafe24-dhkim05/redis-cluster-operator/pkg/apis/redis/v1alpha1/distributedrediscluster_webhook.go:45.9,49.3 3 0
github.com/cafe24-dhkim05/redis-cluster-operator/pkg/apis/redis/v1alpha1/distributedrediscluster_webhook.go:51.2,51.111 1 10
github.com/cafe24-dhkim05/redis-cluster-operator/pkg/apis/redis/v1alpha1/distributedrediscluster_webhook.go:51.111,53.3 1 0
github.com/cafe24-dhkim05/redis-cluster-operator/pkg/apis/redis/v1alpha1/distributedrediscluster_webhook.go:55.2,55.30 1 10
github.com/cafe24-dhkim05/redis-cluster-operator/pkg/apis/redis/v1alpha1/distributedrediscluster_webhook.go:55.30,56.116 1 2
github.com/cafe24-dhkim05/redis-cluster-operator/pkg/apis/redis/v1alpha1/distributedrediscluster_webhook.go:56.116,58.4 1 0
github.com/cafe24-dhkim05/redis-cluster-operator/pkg/apis/redis/v1alpha1/distributedrediscluster_webhook.go:61.2,61.32 1 10
github.com/cafe24-dhkim05/redis-cluster-operator/pkg/apis/redis/v1alpha1/distributedrediscluster_webhook.go:61.32,63.3 1 10
github.com/cafe24-dhkim05/redis-cluster-operator/pkg/apis/redis/v1alpha1/distributedrediscluster_webhook.go:64.2,64.76 1 0
github.com/cafe24-dhkim05/redis-cluster-operator/pkg/apis/redis/v1alpha1/distributedrediscluster_webhook.go:64.76,66.3 1 0
github.com/cafe24-dhkim05/redis-cluster-operator/pkg/apis/redis/v1alpha1/distributedrediscluster_webhook.go:68.2,68.12 1 0
github.com/cafe24-dhkim05/redis-cluster-operator/pkg/apis/redis/v1alpha1/distributedrediscluster_webhook.go:71.74,72.85 1 0
github.com/cafe24-dhkim05/redis-cluster-operator/pkg/apis/redis/v1alpha1/distributedrediscluster_webhook.go:72.85,74.3 1 0
github.com/cafe24-dhkim05/redis-cluster-operator/pkg/apis/redis/v1alpha1/distributedrediscluster_webhook.go:76.2,76.76 1 0
github.com/cafe24-dhkim05/redis-cluster-operator/pkg/apis/redis/v1alpha1/distributedrediscluster_webhook.go:76.76,78.3 1 0
github.com/cafe24-dhkim05/redis-cluster-operator/pkg/apis/redis/v1alpha1/distributedrediscluster_webhook.go:80.2,80.64 1 0
github.com/cafe24-dhkim05/redis-cluster-operator/pkg/apis/redis/v1alpha1/distributedrediscluster_webhook.go:80.64,83.3 2 0
github.com/cafe24-dhkim05/redis-cluster-operator/pkg/apis/redis/v1alpha1/distributedrediscluster_webhook.go:85.2,85.74 1 0
github.com/cafe24-dhkim05/redis-cluster-operator/pkg/apis/redis/v1alpha1/distributedrediscluster_webhook.go:85.74,88.3 2 0
github.com/cafe24-dhkim05/redis-cluster-operator/pkg/apis/redis/v1alpha1/distributedrediscluster_webhook.go:90.2,90.14 1 0
github.com/cafe24-dhkim05/redis-cluster-operator/pkg/apis/redis/v1alpha1/distributedrediscluster_webhook.go:93.59,97.2 3 0
github.com/cafe24-dhkim05/redis-cluster-operator/pkg/apis/redis/v1alpha1/distributedrediscluster_webhook.go:99.84,103.2 1 0
github.com/cafe24-dhkim05/redis-cluster-operator/pkg/apis/redis/v1alpha1/redisclusterbackup_types.go:187.13,189.2 1 1
github.com/cafe24-dhkim05/redis-cluster-operator/pkg/apis/redis/v1alpha1/zz_generated.deepcopy.go:13.51,15.26 2 0
github.com/cafe24-dhkim05/redis-cluster-operator/pkg/apis/redis/v1alpha1/zz_generated.deepcopy.go:15.26,19.3 3 0
github.com/cafe24-dhkim05/redis-cluster-operator/pkg/apis/redis/v1alpha1/zz_generated.deepcopy.go:20.2,20.20 1 0
github.com/cafe24-dhkim05/redis-cluster-operator/pkg/apis/redis/v1alpha1/zz_generated.deepcopy.go:20.20,24.3 3 0
github.com/cafe24-dhkim05/redis-cluster-operator/pkg/apis/redis/v1alpha1/zz_generated.deepcopy.go:25.2,25.19 1 0
github.com/cafe24-dhkim05/redis-cluster-operator/pkg/apis/redis/v1alpha1/zz_generated.deepcopy.go:25.19,28.22 3 0
github.com/cafe24-dhkim05/redis-cluster-operator/pkg/apis/redis/v1alpha1/zz_generated.deepcopy.go:28.22,30.4 1 0
github.com/cafe24-dhkim05/redis-cluster-operator/pkg/apis/redis/v1alpha1/zz_generated.deepcopy.go:32.2,33.31 2 0
github.com/cafe24-dhkim05/redis-cluster-operator/pkg/apis/redis/v1alpha1/zz_generated.deepcopy.go:33.31,37.3 3 0
github.com/cafe24-dhkim05/redis-cluster-operator/pkg/apis/redis/v1alpha1/zz_generated.deepcopy.go:38.2,38.8 1 0
github.com/cafe24-dhkim05/redis-cluster-operator/pkg/apis/redis/v1alpha1/zz_generated.deepcopy.go:42.44,43.15 1 0
github.com/cafe24-dhkim05/redis-cluster-operator/pkg/apis/redis/v1alpha1/zz_generated.deepcopy.go:43.15,45.3 1 0
github.com/cafe24-dhkim05/redis-cluster-operator/pkg/apis/redis/v1alpha1/zz_generated.deepcopy.go:46.2,48.12 3 0
github.com/cafe24-dhkim05/redis-cluster-operator/pkg/apis/redis/v1alpha1/zz_generated.deepcopy.go:52.65,54.20 2 0
github.com/cafe24-dhkim05/redis-cluster-operator/pkg/apis/redis/v1alpha1/zz_generated.deepcopy.go:54.20,58.3 3 0
github.com/cafe24-dhkim05/redis-cluster-operator/pkg/apis/redis/v1alpha1/zz_generated.deepcopy.go:59.2,59.8 1 0
github.com/cafe24-dhkim05/redis-cluster-operator/pkg/apis/redis/v1alpha1/zz_generated.deepcopy.go:63.58,64.15 1 0
github.com/cafe24-dhkim05/redis-cluster-operator/pkg/apis/redis/v1alpha1/zz_generated.deepcopy.go:64.15,66.3 1 0
github.com/cafe24-dhkim05/redis-cluster-operator/pkg/apis/redis/v1alpha1/zz_generated.deepcopy.go:67.2,69.12 3 0
github.com/cafe24-dhkim05/redis-cluster-operator/pkg/apis/redis/v1alpha1/zz_generated.deepcopy.go:73.79,80.2 6 0
github.com/cafe24-dhkim05/redis-cluster-operator/pkg/apis/redis/v1alpha1/zz_generated.deepcopy.go:83.72,84.15 1 0
github.com/cafe24-dhkim05/redis-cluster-operator/pkg/apis/redis/v1alpha1/zz_generated.deepcopy.go:84.15,86.3 1 0
github.com/cafe24-dhkim05/redis-cluster-operator/pkg/apis/redis/v1alpha1/zz_generated.deepcopy.go:87.2,89.12 3 0
github.com/cafe24-dhkim05/redis-cluster-operator/pkg/apis/redis/v1alpha1/zz_generated.deepcopy.go:93.68,94.34 1 0
github.com/cafe24-dhkim05/redis-cluster-operator/pkg/apis/redis/v1alpha1/zz_generated.deepcopy.go:94.34,96.3 1 0
github.com/cafe24-dhkim05/redis-cluster-operator/pkg/apis/redis/v1alpha1/zz_generated.deepcopy.go:97.2,97.12 1 0
github.com/cafe24-dhkim05/redis-cluster-operator/pkg/apis/redis/v1alpha1/zz_generated.deepcopy.go:101.87,105.21 4 0
github.com/cafe24-dhkim05/redis-cluster-operator/pkg/apis/redis/v1alpha1/zz_generated.deepcopy.go:105.21,108.22 3 0
github.com/cafe24-dhkim05/redis-cluster-operator/pkg/apis/redis/v1alpha1/zz_generated.deepcopy.go:108.22,110.4 1 0
github.com/cafe24-dhkim05/redis-cluster-operator/pkg/apis/redis/v1alpha1/zz_generated.deepcopy.go:112.2,112.8 1 0
github.com/cafe24-dhkim05/redis-cluster-operator/pkg/apis/redis/v1alpha1/zz_generated.deepcopy.go:116.80,117.15 1 0
github.com/cafe24-dhkim05/redis-cluster-operator/pkg/apis/redis/v1alpha1/zz_generated.deepcopy.go:117.15,119.3 1 0
github.com/cafe24-dhkim05/redis-cluster-operator/pkg/apis/redis/v1alpha1/zz_generated.deepcopy.go:120.2,122.12 3 0
github.com/cafe24-dhkim05/redis-cluster-operator/pkg/apis/redis/v1alpha1/zz_generated.deepcopy.go:126.72,127.34 1 0
github.com/cafe24-dhkim05/redis-cluster-operator/pkg/apis/redis/v1alpha1/zz_generated.deepcopy.go:127.34,129.3 1 0
github.com/cafe24-dhkim05/redis-cluster-operator/pkg/apis/redis/v1alpha1/zz_generated.deepcopy.go:130.2,130.12 1 0
github.com/cafe24-dhkim05/redis-cluster-operator/pkg/apis/redis/v1alpha1/zz_generated.deepcopy.go:134.87,136.32 2 0
github.com/cafe24-dhkim05/redis-cluster-operator/pkg/apis/redis/v1alpha1/zz_generated.deepcopy.go:136.32,140.3 3 0
github.com/cafe24-dhkim05/redis-cluster-operator/pkg/apis/redis/v1alpha1/zz_generated.deepcopy.go:141.2,141.23 1 0
github.com/cafe24-dhkim05/redis-cluster-operator/pkg/apis/redis/v1alpha1/zz_generated.deepcopy.go:141.23,145.3 3 0
github.com/cafe24-dhkim05/redis-cluster-operator/pkg/apis/redis/v1alpha1/zz_generated.deepcopy.go:146.2,146.19 1 0
github.com/cafe24-dhkim05/redis-cluster-operator/pkg/apis/redis/v1alpha1/zz_generated.deepcopy.go:146.19,149.22 3 0
github.com/cafe24-dhkim05/redis-cluster-operator/pkg/apis/redis/v1alpha1/zz_generated.deepcopy.go:149.22,151.4 1 0
github.com/cafe24-dhkim05/redis-cluster-operator/pkg/apis/redis/v1alpha1/zz_generated.deepcopy.go:153.2,153.22 1 0
github.com/cafe24-dhkim05/redis-cluster-operator/pkg/apis/redis/v1alpha1/zz_generated.deepcopy.go:153.22,156.29 3 0
github.com/cafe24-dhkim05/redis-cluster-operator/pkg/apis/redis/v1alpha1/zz_generated.deepcopy.go:156.29,158.4 1 0
github.com/cafe24-dhkim05/redis-cluster-operator/pkg/apis/redis/v1alpha1/zz_generated.deepcopy.go:160.2,160.24 1 0
github.com/cafe24-dhkim05/redis-cluster-operator/pkg/apis/redis/v1alpha1/zz_generated.deepcopy.go:160.24,164.3 3 0
github.com/cafe24-dhkim05/redis-cluster-operator/pkg/apis/redis/v1alpha1/zz_generated.deepcopy.go:165.2,165.28 1 0
github.com/cafe24-dhkim05/redis-cluster-operator/pkg/apis/redis/v1alpha1/zz_generated.deepcopy.go:165.28,168.29 3 0
github.com/cafe24-dhkim05/redis-cluster-operator/pkg/apis/redis/v1alpha1/zz_generated.deepcopy.go:168.29,170.4 1 0
github.com/cafe24-dhkim05/redis-cluster-operator/pkg/apis/redis/v1alpha1/zz_generated.deepcopy.go:172.2,172.27 1 0
github.com/cafe24-dhkim05/redis-cluster-operator/pkg/apis/redis/v1alpha1/zz_generated.deepcopy.go:172.27,175.22 3 0
github.com/cafe24-dhkim05/redis-cluster-operator/pkg/apis/redis/v1alpha1/zz_generated.deepcopy.go:175.22,177.4 1 0
github.com/cafe24-dhkim05/redis-cluster-operator/pkg/apis/redis/v1alpha1/zz_generated.deepcopy.go:179.2,179.31 1 0
github.com/cafe24-dhkim05/redis-cluster-operator/pkg/apis/redis/v1alpha1/zz_generated.deepcopy.go:179.31,183.3 3 0
github.com/cafe24-dhkim05/redis-cluster-operator/pkg/apis/redis/v1alpha1/zz_generated.deepcopy.go:184.2,184.27 1 0
github.com/cafe24-dhkim05/redis-cluster-operator/pkg/apis/redis/v1alpha1/zz_generated.deepcopy.go:184.27,187.29 3 0
github.com/cafe24-dhkim05/redis-cluster-operator/pkg/apis/redis/v1alpha1/zz_generated.deepcopy.go:187.29,189.4 1 0
github.com/cafe24-dhkim05/redis-cluster-operator/pkg/apis/redis/v1alpha1/zz_generated.deepcopy.go:191.2,191.23 1 0
github.com/cafe24-dhkim05/redis-cluster-operator/pkg/apis/redis/v1alpha1/zz_generated.deepcopy.go:191.23,195.3 3 0
github.com/cafe24-dhkim05/redis-cluster-operator/pkg/apis/redis/v1alpha1/zz_generated.deepcopy.go:196.2,196.25 1 0
github.com/cafe24-dhkim05/redis-cluster-operator/pkg/apis/redis/v1alpha1/zz_generated.deepcopy.go:196.25,200.3 3 0
github.com/cafe24-dhkim05/redis-cluster-operator/pkg/apis/redis/v1alpha1/zz_generated.deepcopy.go:201.2,201.30 1 0
github.com/cafe24-dhkim05/redis-cluster-operator/pkg/apis/redis/v1alpha1/zz_generated.deepcopy.go:201.30,205.3 3 0
github.com/cafe24-dhkim05/redis-cluster-operator/pkg/apis/redis/v1alpha1/zz_generated.deepcopy.go:206.2,206.23 1 0
github.com/cafe24-dhkim05/redis-cluster-operator/pkg/apis/redis/v1alpha1/zz_generated.deepcopy.go:206.23,210.3 3 0
github.com/cafe24-dhkim05/redis-cluster-operator/pkg/apis/redis/v1alpha1/zz_generated.deepcopy.go:211.2,211.20 1 0
github.com/cafe24-dhkim05/redis-cluster-operator/pkg/apis/redis/v1alpha1/zz_generated.deepcopy.go:211.20,215.3 3 0
github.com/cafe24-dhkim05/redis-cluster-operator/pkg/apis/redis/v1alpha1/zz_generated.deepcopy.go:216.2,216.8 1 0
github.com/cafe24-dhkim05/redis-cluster-operator/pkg/apis/redis/v1alpha1/zz_generated.deepcopy.go:220.80,221.15 1 0
github.com/cafe24-dhkim05/redis-cluster-operator/pkg/apis/redis/v1alpha1/zz_generated.deepcopy.go:221.15,223.3 1 0
github.com/cafe24-dhkim05/redis-cluster-operator/pkg/apis/redis/v1alpha1/zz_generated.deepcopy.go:224.2,226.12 3 0
github.com/cafe24-dhkim05/redis-cluster-operator/pkg/apis/redis/v1alpha1/zz_generated.deepcopy.go:230.91,232.21 2 0
github.com/cafe24-dhkim05/redis-cluster-operator/pkg/apis/redis/v1alpha1/zz_generated.deepcopy.go:232.21,235.22 3 0
github.com/cafe24-dhkim05/redis-cluster-operator/pkg/apis/redis/v1alpha1/zz_generated.deepcopy.go:235.22,237.4 1 0
github.com/cafe24-dhkim05/redis-cluster-operator/pkg/apis/redis/v1alpha1/zz_generated.deepcopy.go:239.2,240.8 2 0
github.com/cafe24-dhkim05/redis-cluster-operator/pkg/apis/redis/v1alpha1/zz_generated.deepcopy.go:244.84,245.15 1 0
github.com/cafe24-dhkim05/redis-cluster-operator/pkg/apis/redis/v1alpha1/zz_generated.deepcopy.go:245.15,247.3 1 0
github.com/cafe24-dhkim05/redis-cluster-operator/pkg/apis/redis/v1alpha1/zz_generated.deepcopy.go:248.2,250.12 3 0
github.com/cafe24-dhkim05/redis-cluster-operator/pkg/apis/redis/v1alpha1/zz_generated.deepcopy.go:254.49,256.28 2 0
github.com/cafe24-dhkim05/redis-cluster-operator/pkg/apis/redis/v1alpha1/zz_generated.deepcopy.go:256.28,260.3 3 0
github.com/cafe24-dhkim05/redis-cluster-operator/pkg/apis/redis/v1alpha1/zz_generated.deepcopy.go:261.2,261.8 1 0
github.com/cafe24-dhkim05/redis-cluster-operator/pkg/apis/redis/v1alpha1/zz_generated.deepcopy.go:265.42,266.15 1 0
github.com/cafe24-dhkim05/redis-cluster-operator/pkg/apis/redis/v1alpha1/zz_generated.deepcopy.go:266.15,268.3 1 0
github.com/cafe24-dhkim05/redis-cluster-operator/pkg/apis/redis/v1alpha1/zz_generated.deepcopy.go:269.2,271.12 3 0
github.com/cafe24-dhkim05/redis-cluster-operator/pkg/apis/redis/v1alpha1/zz_generated.deepcopy.go:275.47,277.20 2 0
github.com/cafe24-dhkim05/redis-cluster-operator/pkg/apis/redis/v1alpha1/zz_generated.deepcopy.go:277.20,281.3 3 0
github.com/cafe24-dhkim05/redis-cluster-operator/pkg/apis/redis/v1alpha1/zz_generated.deepcopy.go:282.2,282.28 1 0
github.com/cafe24-dhkim05/redis-cluster-operator/pkg/apis/redis/v1alpha1/zz_generated.deepcopy.go:282.28,285.29 3 0
github.com/cafe24-dhkim05/redis-cluster-operator/pkg/apis/redis/v1alpha1/zz_generated.deepcopy.go:285.29,287.4 1 0
github.com/cafe24-dhkim05/redis-cluster-operator/pkg/apis/redis/v1alpha1/zz_generated.deepcopy.go:289.2,290.24 2 0
github.com/cafe24-dhkim05/redis-cluster-operator/pkg/apis/redis/v1alpha1/zz_generated.deepcopy.go:290.24,294.3 3 0
github.com/cafe24-dhkim05/redis-cluster-operator/pkg/apis/redis/v1alpha1/zz_generated.deepcopy.go:295.2,295.27 1 0
github.com/cafe24-dhkim05/redis-cluster-operator/pkg/apis/redis/v1alpha1/zz_generated.deepcopy.go:295.27,298.22 3 0
github.com/cafe24-dhkim05/redis-cluster-operator/pkg/apis/redis/v1alpha1/zz_generated.deepcopy.go:298.22,300.4 1 0
github.com/cafe24-dhkim05/redis-cluster-operator/pkg/apis/redis/v1alpha1/zz_generated.deepcopy.go:302.2,302.32 1 0
github.com/cafe24-dhkim05/redis-cluster-operator/pkg/apis/redis/v1alpha1/zz_generated.deepcopy.go:302.32,306.3 3 0
github.com/cafe24-dhkim05/redis-cluster-operator/pkg/apis/redis/v1alpha1/zz_generated.deepcopy.go:307.2,307.19 1 0
github.com/cafe24-dhkim05/redis-cluster-operator/pkg/apis/redis/v1alpha1/zz_generated.deepcopy.go:307.19,310.22 3 0
github.com/cafe24-dhkim05/redis-cluster-operator/pkg/apis/redis/v1alpha1/zz_generated.deepcopy.go:310.22,312.4 1 0
github.com/cafe24-dhkim05/redis-cluster-operator/pkg/apis/redis/v1alpha1/zz_generated.deepcopy.go:314.2,314.30 1 0
github.com/cafe24-dhkim05/redis-cluster-operator/pkg/apis/redis/v1alpha1/zz_generated.deepcopy.go:314.30,317.22 3 0
github.com/cafe24-dhkim05/redis-cluster-operator/pkg/apis/redis/v1alpha1/zz_generated.deepcopy.go:317.22,319.4 1 0
github.com/cafe24-dhkim05/redis-cluster-operator/pkg/apis/redis/v1alpha1/zz_generated.deepcopy.go:321.2,321.24 1 0
github.com/cafe24-dhkim05/redis-cluster-operator/pkg/apis/redis/v1alpha1/zz_generated.deepcopy.go:321.24,325.3 3 0
github.com/cafe24-dhkim05/redis-cluster-operator/pkg/apis/redis/v1alpha1/zz_generated.deepcopy.go:326.2,326.31 1 0
github.com/cafe24-dhkim05/redis-cluster-operator/pkg/apis/redis/v1alpha1/zz_generated.deepcopy.go:326.31,330.3 3 0
github.com/cafe24-dhkim05/redis-cluster-operator/pkg/apis/redis/v1alpha1/zz_generated.deepcopy.go:331.2,331.29 1 0
github.com/cafe24-dhkim05/redis-cluster-operator/pkg/apis/redis/v1alpha1/zz_generated.deepcopy.go:331.29,335.3 3 0
github.com/cafe24-dhkim05/redis-cluster-operator/pkg/apis/redis/v1alpha1/zz_generated.deepcopy.go:336.2,336.30 1 0
github.com/cafe24-dhkim05/redis-cluster-operator/pkg/apis/redis/v1alpha1/zz_generated.deepcopy.go:336.30,340.3 3 0
github.com/cafe24-dhkim05/redis-cluster-operator/pkg/apis/redis/v1alpha1/zz_generated.deepcopy.go:341.2,341.25 1 0
github.com/cafe24-dhkim05/redis-cluster-operator/pkg/apis/redis/v1alpha1/zz_generated.deepcopy.go:341.25,345.3 3 0
github.com/cafe24-dhkim05/redis-cluster-operator/pkg/apis/redis/v1alpha1/zz_generated.deepcopy.go:346.2,346.8 1 0
github.com/cafe24-dhkim05/redis-cluster-operator/pkg/apis/redis/v1alpha1/zz_generated.deepcopy.go:350.40,351.15 1 0
github.com/cafe24-dhkim05/redis-cluster-operator/pkg/apis/redis/v1alpha1/zz_generated.deepcopy.go:351.15,353.3 1 0
github.com/cafe24-dhkim05/redis-cluster-operator/pkg/apis/redis/v1alpha1/zz_generated.deepcopy.go:354.2,356.12 3 0
github.com/cafe24-dhkim05/redis-cluster-operator/pkg/apis/redis/v1alpha1/zz_generated.deepcopy.go:360.61,362.22 2 0
github.com/cafe24-dhkim05/redis-cluster-operator/pkg/apis/redis/v1alpha1/zz_generated.deepcopy.go:362.22,365.29 3 0
github.com/cafe24-dhkim05/redis-cluster-operator/pkg/apis/redis/v1alpha1/zz_generated.deepcopy.go:365.29,367.4 1 0
github.com/cafe24-dhkim05/redis-cluster-operator/pkg/apis/redis/v1alpha1/zz_generated.deepcopy.go:369.2,369.8 1 0
github.com/cafe24-dhkim05/redis-cluster-operator/pkg/apis/redis/v1alpha1/zz_generated.deepcopy.go:373.54,374.15 1 0
github.com/cafe24-dhkim05/redis-cluster-operator/pkg/apis/redis/v1alpha1/zz_generated.deepcopy.go:374.15,376.3 1 0
github.com/cafe24-dhkim05/redis-cluster-operator/pkg/apis/redis/v1alpha1/zz_generated.deepcopy.go:377.2,379.12 3 0
github.com/cafe24-dhkim05/redis-cluster-operator/pkg/apis/redis/v1alpha1/zz_generated.deepcopy.go:383.69,390.2 6 0
github.com/cafe24-dhkim05/redis-cluster-operator/pkg/apis/redis/v1alpha1/zz_generated.deepcopy.go:393.62,394.15 1 0
github.com/cafe24-dhkim05/redis-cluster-operator/pkg/apis/redis/v1alpha1/zz_generated.deepcopy.go:394.15,396.3 1 0
github.com/cafe24-dhkim05/redis-cluster-operator/pkg/apis/redis/v1alpha1/zz_generated.deepcopy.go:397.2,399.12 3 0
github.com/cafe24-dhkim05/redis-cluster-operator/pkg/apis/redis/v1alpha1/zz_generated.deepcopy.go:403.63,404.34 1 0
github.com/cafe24-dhkim05/redis-cluster-operator/pkg/apis/redis/v1alpha1/zz_generated.deepcopy.go:404.34,406.3 1 0
github.com/cafe24-dhkim05/redis-cluster-operator/pkg/apis/redis/v1alpha1/zz_generated.deepcopy.go:407.2,407.12 1 0
github.com/cafe24-dhkim05/redis-cluster-operator/pkg/apis/redis/v1alpha1/zz_generated.deepcopy.go:411.77,415.21 4 0
github.com/cafe24-dhkim05/redis-cluster-operator/pkg/apis/redis/v1alpha1/zz_generated.deepcopy.go:415.21,418.22 3 0
github.com/cafe24-dhkim05/redis-cluster-operator/pkg/apis/redis/v1alpha1/zz_generated.deepcopy.go:418.22,420.4 1 0
github.com/cafe24-dhkim05/redis-cluster-operator/pkg/apis/redis/v1alpha1/zz_generated.deepcopy.go:422.2,422.8 1 0
github.com/cafe24-dhkim05/redis-cluster-operator/pkg/apis/redis/v1alpha1/zz_generated.deepcopy.go:426.70,427.15 1 0
github.com/cafe24-dhkim05/redis-cluster-operator/pkg/apis/redis/v1alpha1/zz_generated.deepcopy.go:427.15,429.3 1 0
github.com/cafe24-dhkim05/redis-cluster-operator/pkg/apis/redis/v1alpha1/zz_generated.deepcopy.go:430.2,432.12 3 0
github.com/cafe24-dhkim05/redis-cluster-operator/pkg/apis/redis/v1alpha1/zz_generated.deepcopy.go:436.67,437.34 1 0
github.com/cafe24-dhkim05/redis-cluster-operator/pkg/apis/redis/v1alpha1/zz_generated.deepcopy.go:437.34,439.3 1 0
github.com/cafe24-dhkim05/redis-cluster-operator/pkg/apis/redis/v1alpha1/zz_generated.deepcopy.go:440.2,440.12 1 0
github.com/cafe24-dhkim05/redis-cluster-operator/pkg/apis/redis/v1alpha1/zz_generated.deepcopy.go:444.77,446.23 2 0
github.com/cafe24-dhkim05/redis-cluster-operator/pkg/apis/redis/v1alpha1/zz_generated.deepcopy.go:446.23,450.3 3 0
github.com/cafe24-dhkim05/redis-cluster-operator/pkg/apis/redis/v1alpha1/zz_generated.deepcopy.go:451.2,452.23 2 0
github.com/cafe24-dhkim05/redis-cluster-operator/pkg/apis/redis/v1alpha1/zz_generated.deepcopy.go:452.23,456.3 3 0
github.com/cafe24-dhkim05/redis-cluster-operator/pkg/apis/redis/v1alpha1/zz_generated.deepcopy.go:457.2,457.37 1 0
github.com/cafe24-dhkim05/redis-cluster-operator/pkg/apis/redis/v1alpha1/zz_generated.deepcopy.go:457.37,461.3 3 0
github.com/cafe24-dhkim05/redis-cluster-operator/pkg/apis/redis/v1alpha1/zz_generated.deepcopy.go:462.2,462.8 1 0
github.com/cafe24-dhkim05/redis-cluster-operator/pkg/apis/redis/v1alpha1/zz_generated.deepcopy.go:466.70,467.15 1 0
github.com/cafe24-dhkim05/redis-cluster-operator/pkg/apis/redis/v1alpha1/zz_generated.deepcopy.go:467.15,469.3 1 0
github.com/cafe24-dhkim05/redis-cluster-operator/pkg/apis/redis/v1alpha1/zz_generated.deepcopy.go:470.2,472.12 3 0
github.com/cafe24-dhkim05/redis-cluster-operator/pkg/apis/redis/v1alpha1/zz_generated.deepcopy.go:476.81,478.25 2 0
github.com/cafe24-dhkim05/redis-cluster-operator/pkg/apis/redis/v1alpha1/zz_generated.deepcopy.go:478.25,481.3 2 0
github.com/cafe24-dhkim05/redis-cluster-operator/pkg/apis/redis/v1alpha1/zz_generated.deepcopy.go:482.2,482.30 1 0
github.com/cafe24-dhkim05/redis-cluster-operator/pkg/apis/redis/v1alpha1/zz_generated.deepcopy.go:482.30,485.3 2 0
github.com/cafe24-dhkim05/redis-cluster-operator/pkg/apis/redis/v1alpha1/zz_generated.deepcopy.go:486.2,486.8 1 0
github.com/cafe24-dhkim05/redis-cluster-operator/pkg/apis/redis/v1alpha1/zz_generated.deepcopy.go:490.74,491.15 1 0
github.com/cafe24-dhkim05/redis-cluster-operator/pkg/apis/redis/v1alpha1/zz_generated.deepcopy.go:491.15,493.3 1 0
github.com/cafe24-dhkim05/redis-cluster-operator/pkg/apis/redis/v1alpha1/zz_generated.deepcopy.go:494.2,496.12 3 0
github.com/cafe24-dhkim05/redis-cluster-operator/pkg/apis/redis/v1alpha1/zz_generated.deepcopy.go:500.65,502.21 2 0
github.com/cafe24-dhkim05/redis-cluster-operator/pkg/apis/redis/v1alpha1/zz_generated.deepcopy.go:502.21,506.3 3 0
github.com/cafe24-dhkim05/redis-cluster-operator/pkg/apis/redis/v1alpha1/zz_generated.deepcopy.go:507.2,507.8 1 0
github.com/cafe24-dhkim05/redis-cluster-operator/pkg/apis/redis/v1alpha1/zz_generated.deepcopy.go:511.58,512.15 1 0
github.com/cafe24-dhkim05/redis-cluster-operator/pkg/apis/redis/v1alpha1/zz_generated.deepcopy.go:512.15,514.3 1 0
github.com/cafe24-dhkim05/redis-cluster-operator/pkg/apis/redis/v1alpha1/zz_generated.deepcopy.go:515.2,517.12 3 0
github.com/cafe24-dhkim05/redis-cluster-operator/pkg/apis/redis/v1alpha1/zz_generated.deepcopy.go:521.57,525.2 3 0
github.com/cafe24-dhkim05/redis-cluster-operator/pkg/apis/redis/v1alpha1/zz_generated.deepcopy.go:528.50,529.15 1 0
github.com/cafe24-dhkim05/redis-cluster-operator/pkg/apis/redis/v1alpha1/zz_generated.deepcopy.go:529.15,531.3 1 0
github.com/cafe24-dhkim05/redis-cluster-operator/pkg/apis/redis/v1alpha1/zz_generated.deepcopy.go:532.2,534.12 3 0
github.com/cafe24-dhkim05/redis-cluster-operator/pkg/apis/redis/v1alpha1/zz_generated.deepcopy.go:538.47,540.22 2 0
github.com/cafe24-dhkim05/redis-cluster-operator/pkg/apis/redis/v1alpha1/zz_generated.deepcopy.go:540.22,544.3 3 0
github.com/cafe24-dhkim05/redis-cluster-operator/pkg/apis/redis/v1alpha1/zz_generated.deepcopy.go:545.2,545.8 1 0
github.com/cafe24-dhkim05/redis-cluster-operator/pkg/apis/redis/v1alpha1/zz_generated.deepcopy.go:549.40,550.15 1 0
github.com/cafe24-dhkim05/redis-cluster-operator/pkg/apis/redis/v1alpha1/zz_generated.deepcopy.go:550.15,552.3 1 0
github.com/cafe24-dhkim05/redis-cluster-operator/pkg/apis/redis/v1alpha1/zz_generated.deepcopy.go:553.2,555.12 3 0
github.com/cafe24-dhkim05/redis-cluster-operator/pkg/apis/redis/v1alpha1/zz_generated.openapi.go:12.94,21.2 1 0
github.com/cafe24-dhkim05/redis-cluster-operator/pkg/apis/redis/v1alpha1/zz_generated.openapi.go:23.116,65.2 1 0
github.com/cafe24-dhkim05/redis-cluster-operator/pkg/apis/redis/v1alpha1/zz_generated.openapi.go:67.120,197.2 1 0
github.com/cafe24-dhkim05/redis-cluster-operator/pkg/apis/redis/v1alpha1/zz_generated.openapi.go:199.122,244.2 1 0
github.com/cafe24-dhkim05/redis-cluster-operator/pkg/apis/redis/v1alpha1/zz_generated.openapi.go:246.111,288.2 1 0
github.com/cafe24-dhkim05/redis-cluster-operator/pkg/apis/redis/v1alpha1/zz_generated.openapi.go:290.115,299.2 1 0
github.com/cafe24-dhkim05/redis-cluster-operator/pkg/apis/redis/v1alpha1/zz_generated.openapi.go:301.117,310.2 1 0
github.com/cafe24-dhkim05/redis-cluster-operator/pkg/controller/heal/clustersplit.go:15.179,18.23 2 0
github.com/cafe24-dhkim05/redis-cluster-operator/pkg/controller/heal/clustersplit.go:18.23,19.15 1 0
github.com/cafe24-dhkim05/redis-cluster-operator/pkg/controller/heal/clustersplit.go:19.15,21.4 1 0
github.com/cafe24-dhkim05/redis-cluster-operator/pkg/controller/heal/clustersplit.go:22.3,22.59 1 0
github.com/cafe24-dhkim05/redis-cluster-operator/pkg/controller/heal/clustersplit.go:24.2,25.19 2 0
github.com/cafe24-dhkim05/redis-cluster-operator/pkg/controller/heal/clustersplit.go:30.113,35.27 4 0
github.com/cafe24-dhkim05/redis-cluster-operator/pkg/controller/heal/clustersplit.go:35.27,38.3 2 0
github.com/cafe24-dhkim05/redis-cluster-operator/pkg/controller/heal/clustersplit.go:39.2,44.38 3 0
github.com/cafe24-dhkim05/redis-cluster-operator/pkg/controller/heal/clustersplit.go:44.38,51.36 3 0
github.com/cafe24-dhkim05/redis-cluster-operator/pkg/controller/heal/clustersplit.go:51.36,52.84 1 0
github.com/cafe24-dhkim05/redis-cluster-operator/pkg/controller/heal/clustersplit.go:52.84,55.5 2 0
github.com/cafe24-dhkim05/redis-cluster-operator/pkg/controller/heal/clustersplit.go:56.4,56.62 1 0
github.com/cafe24-dhkim05/redis-cluster-operator/pkg/controller/heal/clustersplit.go:56.62,59.5 2 0
github.com/cafe24-dhkim05/redis-cluster-operator/pkg/controller/heal/clustersplit.go:62.3,62.23 1 0
github.com/cafe24-dhkim05/redis-cluster-operator/pkg/controller/heal/clustersplit.go:65.2,65.34 1 0
github.com/cafe24-dhkim05/redis-cluster-operator/pkg/controller/heal/clustersplit.go:68.64,69.24 1 0
github.com/cafe24-dhkim05/redis-cluster-operator/pkg/controller/heal/clustersplit.go:69.24,71.3 1 0
github.com/cafe24-dhkim05/redis-cluster-operator/pkg/controller/heal/clustersplit.go:73.2,75.29 3 0
github.com/cafe24-dhkim05/redis-cluster-operator/pkg/controller/heal/clustersplit.go:75.29,76.23 1 0
github.com/cafe24-dhkim05/redis-cluster-operator/pkg/controller/heal/clustersplit.go:76.23,79.4 2 0
github.com/cafe24-dhkim05/redis-cluster-operator/pkg/controller/heal/clustersplit.go:81.2,81.23 1 0
github.com/cafe24-dhkim05/redis-cluster-operator/pkg/controller/heal/clustersplit.go:81.23,84.3 2 0
github.com/cafe24-dhkim05/redis-cluster-operator/pkg/controller/heal/clustersplit.go:85.2,85.33 1 0
github.com/cafe24-dhkim05/redis-cluster-operator/pkg/controller/heal/clustersplit.go:90.66,92.40 2 5
github.com/cafe24-dhkim05/redis-cluster-operator/pkg/controller/heal/clustersplit.go:92.40,93.48 1 12
github.com/cafe24-dhkim05/redis-cluster-operator/pkg/controller/heal/clustersplit.go:93.48,94.12 1 1
github.com/cafe24-dhkim05/redis-cluster-operator/pkg/controller/heal/clustersplit.go:96.3,99.30 3 11
github.com/cafe24-dhkim05/redis-cluster-operator/pkg/controller/heal/clustersplit.go:99.30,100.33 1 23
github.com/cafe24-dhkim05/redis-cluster-operator/pkg/controller/heal/clustersplit.go:100.33,102.5 1 23
github.com/cafe24-dhkim05/redis-cluster-operator/pkg/controller/heal/clustersplit.go:105.3,106.26 2 11
github.com/cafe24-dhkim05/redis-cluster-operator/pkg/controller/heal/clustersplit.go:106.26,107.37 1 16
github.com/cafe24-dhkim05/redis-cluster-operator/pkg/controller/heal/clustersplit.go:107.37,109.10 2 5
github.com/cafe24-dhkim05/redis-cluster-operator/pkg/controller/heal/clustersplit.go:113.3,113.15 1 11
github.com/cafe24-dhkim05/redis-cluster-operator/pkg/controller/heal/clustersplit.go:113.15,115.4 1 6
github.com/cafe24-dhkim05/redis-cluster-operator/pkg/controller/heal/clustersplit.go:117.2,117.17 1 5
github.com/cafe24-dhkim05/redis-cluster-operator/pkg/controller/heal/clustersplit.go:120.58,121.29 1 16
github.com/cafe24-dhkim05/redis-cluster-operator/pkg/controller/heal/clustersplit.go:121.29,122.30 1 16
github.com/cafe24-dhkim05/redis-cluster-operator/pkg/controller/heal/clustersplit.go:122.30,123.24 1 26
github.com/cafe24-dhkim05/redis-cluster-operator/pkg/controller/heal/clustersplit.go:123.24,125.5 1 5
github.com/cafe24-dhkim05/redis-cluster-operator/pkg/controller/heal/clustersplit.go:128.2,128.14 1 11
github.com/cafe24-dhkim05/redis-cluster-operator/pkg/controller/heal/failednodes.go:11.156,15.28 4 0
github.com/cafe24-dhkim05/redis-cluster-operator/pkg/controller/heal/failednodes.go:15.28,18.16 3 0
github.com/cafe24-dhkim05/redis-cluster-operator/pkg/controller/heal/failednodes.go:18.16,20.47 2 0
github.com/cafe24-dhkim05/redis-cluster-operator/pkg/controller/heal/failednodes.go:20.47,22.5 1 0
github.com/cafe24-dhkim05/redis-cluster-operator/pkg/controller/heal/failednodes.go:26.2,26.48 1 0
github.com/cafe24-dhkim05/redis-cluster-operator/pkg/controller/heal/failednodes.go:31.116,33.40 2 0
github.com/cafe24-dhkim05/redis-cluster-operator/pkg/controller/heal/failednodes.go:33.40,35.3 1 0
github.com/cafe24-dhkim05/redis-cluster-operator/pkg/controller/heal/failednodes.go:36.2,36.40 1 0
github.com/cafe24-dhkim05/redis-cluster-operator/pkg/controller/heal/failednodes.go:36.40,37.42 1 0
github.com/cafe24-dhkim05/redis-cluster-operator/pkg/controller/heal/failednodes.go:37.42,39.50 1 0
github.com/cafe24-dhkim05/redis-cluster-operator/pkg/controller/heal/failednodes.go:39.50,41.5 1 0
github.com/cafe24-dhkim05/redis-cluster-operator/pkg/controller/heal/failednodes.go:42.4,42.93 1 0
github.com/cafe24-dhkim05/redis-cluster-operator/pkg/controller/heal/failednodes.go:42.93,44.46 2 0
github.com/cafe24-dhkim05/redis-cluster-operator/pkg/controller/heal/failednodes.go:44.46,45.27 1 0
github.com/cafe24-dhkim05/redis-cluster-operator/pkg/controller/heal/failednodes.go:45.27,47.7 1 0
github.com/cafe24-dhkim05/redis-cluster-operator/pkg/controller/heal/failednodes.go:49.5,49.15 1 0
github.com/cafe24-dhkim05/redis-cluster-operator/pkg/controller/heal/failednodes.go:49.15,51.6 1 0
github.com/cafe24-dhkim05/redis-cluster-operator/pkg/controller/heal/failednodes.go:55.2,55.22 1 0
github.com/cafe24-dhkim05/redis-cluster-operator/pkg/controller/heal/terminatingpod.go:13.132,17.37 3 0
github.com/cafe24-dhkim05/redis-cluster-operator/pkg/controller/heal/terminatingpod.go:17.37,19.3 1 0
github.com/cafe24-dhkim05/redis-cluster-operator/pkg/controller/heal/terminatingpod.go:21.2,22.29 2 0
github.com/cafe24-dhkim05/redis-cluster-operator/pkg/controller/heal/terminatingpod.go:22.29,23.35 1 0
github.com/cafe24-dhkim05/redis-cluster-operator/pkg/controller/heal/terminatingpod.go:23.35,25.12 1 0
github.com/cafe24-dhkim05/redis-cluster-operator/pkg/controller/heal/terminatingpod.go:27.3,28.26 2 0
github.com/cafe24-dhkim05/redis-cluster-operator/pkg/controller/heal/terminatingpod.go:28.26,32.17 3 0
github.com/cafe24-dhkim05/redis-cluster-operator/pkg/controller/heal/terminatingpod.go:32.17,34.85 2 0
github.com/cafe24-dhkim05/redis-cluster-operator/pkg/controller/heal/terminatingpod.go:34.85,36.6 1 0
github.com/cafe24-dhkim05/redis-cluster-operator/pkg/controller/heal/terminatingpod.go:41.2,41.46 1 0
github.com/cafe24-dhkim05/redis-cluster-operator/pkg/controller/heal/untrustenodes.go:13.159,18.39 4 0
github.com/cafe24-dhkim05/redis-cluster-operator/pkg/controller/heal/untrustenodes.go:18.39,20.47 2 0
github.com/cafe24-dhkim05/redis-cluster-operator/pkg/controller/heal/untrustenodes.go:20.47,21.44 1 0
github.com/cafe24-dhkim05/redis-cluster-operator/pkg/controller/heal/untrustenodes.go:21.44,23.5 1 0
github.com/cafe24-dhkim05/redis-cluster-operator/pkg/controller/heal/untrustenodes.go:24.4,24.16 1 0
github.com/cafe24-dhkim05/redis-cluster-operator/pkg/controller/heal/untrustenodes.go:26.3,27.58 2 0
github.com/cafe24-dhkim05/redis-cluster-operator/pkg/controller/heal/untrustenodes.go:27.58,30.12 3 0
github.com/cafe24-dhkim05/redis-cluster-operator/pkg/controller/heal/untrustenodes.go:32.3,32.21 1 0
github.com/cafe24-dhkim05/redis-cluster-operator/pkg/controller/heal/untrustenodes.go:32.21,34.12 1 0
github.com/cafe24-dhkim05/redis-cluster-operator/pkg/controller/heal/untrustenodes.go:36.3,37.23 2 0
github.com/cafe24-dhkim05/redis-cluster-operator/pkg/controller/heal/untrustenodes.go:37.23,39.89 2 0
github.com/cafe24-dhkim05/redis-cluster-operator/pkg/controller/heal/untrustenodes.go:39.89,41.5 1 0
github.com/cafe24-dhkim05/redis-cluster-operator/pkg/controller/heal/untrustenodes.go:43.3,44.16 2 0
github.com/cafe24-dhkim05/redis-cluster-operator/pkg/controller/heal/untrustenodes.go:44.16,46.47 2 0
github.com/cafe24-dhkim05/redis-cluster-operator/pkg/controller/heal/untrustenodes.go:46.47,48.5 1 0
github.com/cafe24-dhkim05/redis-cluster-operator/pkg/controller/heal/untrustenodes.go:52.2,52.48 1 0
github.com/cafe24-dhkim05/redis-cluster-operator/pkg/controller/heal/untrustenodes.go:55.83,57.40 2 0
github.com/cafe24-dhkim05/redis-cluster-operator/pkg/controller/heal/untrustenodes.go:57.40,59.3 1 0
github.com/cafe24-dhkim05/redis-cluster-operator/pkg/controller/heal/untrustenodes.go:60.2,60.40 1 0
github.com/cafe24-dhkim05/redis-cluster-operator/pkg/controller/heal/untrustenodes.go:60.40,61.42 1 0
github.com/cafe24-dhkim05/redis-cluster-operator/pkg/controller/heal/untrustenodes.go:61.42,62.53 1 0
github.com/cafe24-dhkim05/redis-cluster-operator/pkg/controller/heal/untrustenodes.go:62.53,63.52 1 0
github.com/cafe24-dhkim05/redis-cluster-operator/pkg/controller/heal/untrustenodes.go:63.52,65.6 1 0
github.com/cafe24-dhkim05/redis-cluster-operator/pkg/controller/heal/untrustenodes.go:69.2,69.23 1 0
github.com/cafe24-dhkim05/redis-cluster-operator/pkg/controller/heal/untrustenodes.go:72.108,73.24 1 0
github.com/cafe24-dhkim05/redis-cluster-operator/pkg/controller/heal/untrustenodes.go:73.24,75.3 1 0
github.com/cafe24-dhkim05/redis-cluster-operator/pkg/controller/heal/untrustenodes.go:76.2,76.37 1 0
github.com/cafe24-dhkim05/redis-cluster-operator/pkg/controller/heal/untrustenodes.go:76.37,77.38 1 0
github.com/cafe24-dhkim05/redis-cluster-operator/pkg/controller/heal/untrustenodes.go:77.38,79.42 2 0
github.com/cafe24-dhkim05/redis-cluster-operator/pkg/controller/heal/untrustenodes.go:79.42,86.10 2 0
github.com/cafe24-dhkim05/redis-cluster-operator/pkg/controller/heal/untrustenodes.go:90.2,90.8 1 0
github.com/cafe24-dhkim05/redis-cluster-operator/pkg/controller/manager/checker.go:23.44,27.2 1 0
github.com/cafe24-dhkim05/redis-cluster-operator/pkg/controller/manager/checker.go:29.93,30.52 1 0
github.com/cafe24-dhkim05/redis-cluster-operator/pkg/controller/manager/checker.go:30.52,34.17 4 0
github.com/cafe24-dhkim05/redis-cluster-operator/pkg/controller/manager/checker.go:34.17,36.4 1 0
github.com/cafe24-dhkim05/redis-cluster-operator/pkg/controller/manager/checker.go:37.3,37.64 1 0
github.com/cafe24-dhkim05/redis-cluster-operator/pkg/controller/manager/checker.go:37.64,39.4 1 0
github.com/cafe24-dhkim05/redis-cluster-operator/pkg/controller/manager/checker.go:42.2,42.12 1 0
github.com/cafe24-dhkim05/redis-cluster-operator/pkg/controller/manager/checker.go:45.90,46.40 1 0
github.com/cafe24-dhkim05/redis-cluster-operator/pkg/controller/manager/checker.go:46.40,48.3 1 0
github.com/cafe24-dhkim05/redis-cluster-operator/pkg/controller/manager/checker.go:49.2,49.46 1 0
github.com/cafe24-dhkim05/redis-cluster-operator/pkg/controller/manager/checker.go:49.46,51.3 1 0
github.com/cafe24-dhkim05/redis-cluster-operator/pkg/controller/manager/checker.go:52.2,52.48 1 0
github.com/cafe24-dhkim05/redis-cluster-operator/pkg/controller/manager/checker.go:52.48,54.3 1 0
github.com/cafe24-dhkim05/redis-cluster-operator/pkg/controller/manager/checker.go:56.2,56.12 1 0
github.com/cafe24-dhkim05/redis-cluster-operator/pkg/controller/manager/checker.go:59.95,60.62 1 0
github.com/cafe24-dhkim05/redis-cluster-operator/pkg/controller/manager/checker.go:60.62,62.3 1 0
github.com/cafe24-dhkim05/redis-cluster-operator/pkg/controller/manager/checker.go:63.2,63.12 1 0
github.com/cafe24-dhkim05/redis-cluster-operator/pkg/controller/manager/ensurer.go:39.82,49.2 1 0
github.com/cafe24-dhkim05/redis-cluster-operator/pkg/controller/manager/ensurer.go:51.142,53.52 2 0
github.com/cafe24-dhkim05/redis-cluster-operator/pkg/controller/manager/ensurer.go:53.52,58.94 4 0
github.com/cafe24-dhkim05/redis-cluster-operator/pkg/controller/manager/ensurer.go:58.94,60.4 1 0
github.com/cafe24-dhkim05/redis-cluster-operator/pkg/controller/manager/ensurer.go:60.9,60.24 1 0
github.com/cafe24-dhkim05/redis-cluster-operator/pkg/controller/manager/ensurer.go:60.24,62.4 1 0
github.com/cafe24-dhkim05/redis-cluster-operator/pkg/controller/manager/ensurer.go:64.2,64.21 1 0
github.com/cafe24-dhkim05/redis-cluster-operator/pkg/controller/manager/ensurer.go:68.42,69.66 1 0
github.com/cafe24-dhkim05/redis-cluster-operator/pkg/controller/manager/ensurer.go:69.66,71.3 1 0
github.com/cafe24-dhkim05/redis-cluster-operator/pkg/controller/manager/ensurer.go:73.2,74.16 2 0
github.com/cafe24-dhkim05/redis-cluster-operator/pkg/controller/manager/ensurer.go:74.16,75.37 1 0
github.com/cafe24-dhkim05/redis-cluster-operator/pkg/controller/manager/ensurer.go:75.37,79.18 3 0
github.com/cafe24-dhkim05/redis-cluster-operator/pkg/controller/manager/ensurer.go:79.18,81.5 1 0
github.com/cafe24-dhkim05/redis-cluster-operator/pkg/controller/manager/ensurer.go:82.4,82.61 1 0
github.com/cafe24-dhkim05/redis-cluster-operator/pkg/controller/manager/ensurer.go:84.8,84.49 1 0
github.com/cafe24-dhkim05/redis-cluster-operator/pkg/controller/manager/ensurer.go:84.49,88.17 3 0
github.com/cafe24-dhkim05/redis-cluster-operator/pkg/controller/manager/ensurer.go:88.17,90.4 1 0
github.com/cafe24-dhkim05/redis-cluster-operator/pkg/controller/manager/ensurer.go:91.3,91.61 1 0
github.com/cafe24-dhkim05/redis-cluster-operator/pkg/controller/manager/ensurer.go:93.2,93.19 1 0
github.com/cafe24-dhkim05/redis-cluster-operator/pkg/controller/manager/ensurer.go:96.102,97.62 1 0
github.com/cafe24-dhkim05/redis-cluster-operator/pkg/controller/manager/ensurer.go:97.62,99.3 1 0
github.com/cafe24-dhkim05/redis-cluster-operator/pkg/controller/manager/ensurer.go:100.2,100.70 1 0
github.com/cafe24-dhkim05/redis-cluster-operator/pkg/controller/manager/ensurer.go:100.70,102.3 1 0
github.com/cafe24-dhkim05/redis-cluster-operator/pkg/controller/manager/ensurer.go:104.2,104.50 1 0
github.com/cafe24-dhkim05/redis-cluster-operator/pkg/controller/manager/ensurer.go:104.50,106.3 1 0
github.com/cafe24-dhkim05/redis-cluster-operator/pkg/controller/manager/ensurer.go:108.2,110.101 3 0
github.com/cafe24-dhkim05/redis-cluster-operator/pkg/controller/manager/ensurer.go:110.101,112.3 1 0
github.com/cafe24-dhkim05/redis-cluster-operator/pkg/controller/manager/ensurer.go:113.2,113.95 1 0
github.com/cafe24-dhkim05/redis-cluster-operator/pkg/controller/manager/ensurer.go:113.95,115.3 1 0
github.com/cafe24-dhkim05/redis-cluster-operator/pkg/controller/manager/ensurer.go:116.2,116.97 1 0
github.com/cafe24-dhkim05/redis-cluster-operator/pkg/controller/manager/ensurer.go:116.97,118.3 1 0
github.com/cafe24-dhkim05/redis-cluster-operator/pkg/controller/manager/ensurer.go:119.2,119.91 1 0
github.com/cafe24-dhkim05/redis-cluster-operator/pkg/controller/manager/ensurer.go:119.91,121.3 1 0
github.com/cafe24-dhkim05/redis-cluster-operator/pkg/controller/manager/ensurer.go:122.2,122.37 1 0
github.com/cafe24-dhkim05/redis-cluster-operator/pkg/controller/manager/ensurer.go:125.99,126.33 1 0
github.com/cafe24-dhkim05/redis-cluster-operator/pkg/controller/manager/ensurer.go:126.33,127.63 1 0
github.com/cafe24-dhkim05/redis-cluster-operator/pkg/controller/manager/ensurer.go:127.63,128.60 1 0
github.com/cafe24-dhkim05/redis-cluster-operator/pkg/controller/manager/ensurer.go:128.60,130.5 1 0
github.com/cafe24-dhkim05/redis-cluster-operator/pkg/controller/manager/ensurer.go:132.3,132.14 1 0
github.com/cafe24-dhkim05/redis-cluster-operator/pkg/controller/manager/ensurer.go:133.8,134.63 1 0
github.com/cafe24-dhkim05/redis-cluster-operator/pkg/controller/manager/ensurer.go:134.63,135.60 1 0
github.com/cafe24-dhkim05/redis-cluster-operator/pkg/controller/manager/ensurer.go:135.60,137.5 1 0
github.com/cafe24-dhkim05/redis-cluster-operator/pkg/controller/manager/ensurer.go:139.3,139.15 1 0
github.com/cafe24-dhkim05/redis-cluster-operator/pkg/controller/manager/ensurer.go:143.138,145.42 2 0
github.com/cafe24-dhkim05/redis-cluster-operator/pkg/controller/manager/ensurer.go:145.42,150.3 3 0
github.com/cafe24-dhkim05/redis-cluster-operator/pkg/controller/manager/ensurer.go:151.2,151.12 1 0
github.com/cafe24-dhkim05/redis-cluster-operator/pkg/controller/manager/ensurer.go:154.134,155.52 1 0
github.com/cafe24-dhkim05/redis-cluster-operator/pkg/controller/manager/ensurer.go:155.52,160.76 4 0
github.com/cafe24-dhkim05/redis-cluster-operator/pkg/controller/manager/ensurer.go:160.76,162.4 1 0
github.com/cafe24-dhkim05/redis-cluster-operator/pkg/controller/manager/ensurer.go:164.2,164.12 1 0
github.com/cafe24-dhkim05/redis-cluster-operator/pkg/controller/manager/ensurer.go:167.146,169.42 2 0
github.com/cafe24-dhkim05/redis-cluster-operator/pkg/controller/manager/ensurer.go:169.42,174.3 3 0
github.com/cafe24-dhkim05/redis-cluster-operator/pkg/controller/manager/ensurer.go:175.2,175.12 1 0
github.com/cafe24-dhkim05/redis-cluster-operator/pkg/controller/manager/ensurer.go:178.125,182.42 4 0
github.com/cafe24-dhkim05/redis-cluster-operator/pkg/controller/manager/ensurer.go:182.42,187.3 3 0
github.com/cafe24-dhkim05/redis-cluster-operator/pkg/controller/manager/ensurer.go:188.2,188.12 1 0
github.com/cafe24-dhkim05/redis-cluster-operator/pkg/controller/manager/ensurer.go:191.131,194.16 3 0
github.com/cafe24-dhkim05/redis-cluster-operator/pkg/controller/manager/ensurer.go:194.16,195.29 1 0
github.com/cafe24-dhkim05/redis-cluster-operator/pkg/controller/manager/ensurer.go:195.29,199.66 3 0
github.com/cafe24-dhkim05/redis-cluster-operator/pkg/controller/manager/ensurer.go:199.66,201.5 1 0
github.com/cafe24-dhkim05/redis-cluster-operator/pkg/controller/manager/ensurer.go:202.9,204.4 1 0
github.com/cafe24-dhkim05/redis-cluster-operator/pkg/controller/manager/ensurer.go:205.8,206.93 1 0
github.com/cafe24-dhkim05/redis-cluster-operator/pkg/controller/manager/ensurer.go:206.93,208.66 2 0
github.com/cafe24-dhkim05/redis-cluster-operator/pkg/controller/manager/ensurer.go:208.66,210.5 1 0
github.com/cafe24-dhkim05/redis-cluster-operator/pkg/controller/manager/ensurer.go:214.2,214.35 1 0
github.com/cafe24-dhkim05/redis-cluster-operator/pkg/controller/manager/ensurer.go:214.35,217.17 3 0
github.com/cafe24-dhkim05/redis-cluster-operator/pkg/controller/manager/ensurer.go:217.17,218.30 1 0
github.com/cafe24-dhkim05/redis-cluster-operator/pkg/controller/manager/ensurer.go:218.30,223.5 3 0
github.com/cafe24-dhkim05/redis-cluster-operator/pkg/controller/manager/ensurer.go:224.4,224.14 1 0
github.com/cafe24-dhkim05/redis-cluster-operator/pkg/controller/manager/ensurer.go:226.3,226.126 1 0
github.com/cafe24-dhkim05/redis-cluster-operator/pkg/controller/manager/ensurer.go:226.126,229.4 2 0
github.com/cafe24-dhkim05/redis-cluster-operator/pkg/controller/manager/ensurer.go:231.2,231.12 1 0
github.com/cafe24-dhkim05/redis-cluster-operator/pkg/controller/manager/ensurer.go:234.134,235.60 1 0
github.com/cafe24-dhkim05/redis-cluster-operator/pkg/controller/manager/ensurer.go:235.60,237.3 1 0
github.com/cafe24-dhkim05/redis-cluster-operator/pkg/controller/manager/ensurer.go:238.2,240.16 3 0
github.com/cafe24-dhkim05/redis-cluster-operator/pkg/controller/manager/ensurer.go:240.16,242.3 1 0
github.com/cafe24-dhkim05/redis-cluster-operator/pkg/controller/manager/ensurer.go:243.2,243.73 1 0
github.com/cafe24-dhkim05/redis-cluster-operator/pkg/controller/manager/ensurer.go:243.73,245.3 1 0
github.com/cafe24-dhkim05/redis-cluster-operator/pkg/controller/manager/ensurer.go:246.2,246.12 1 0
github.com/cafe24-dhkim05/redis-cluster-operator/pkg/controller/manager/ensurer.go:249.95,251.36 2 7
github.com/cafe24-dhkim05/redis-cluster-operator/pkg/controller/manager/ensurer.go:251.36,253.3 1 2
github.com/cafe24-dhkim05/redis-cluster-operator/pkg/controller/manager/ensurer.go:254.2,254.29 1 5
github.com/cafe24-dhkim05/redis-cluster-operator/pkg/controller/manager/ensurer.go:254.29,257.25 3 16
github.com/cafe24-dhkim05/redis-cluster-operator/pkg/controller/manager/ensurer.go:257.25,258.63 1 16
github.com/cafe24-dhkim05/redis-cluster-operator/pkg/controller/manager/ensurer.go:258.63,260.5 1 1
github.com/cafe24-dhkim05/redis-cluster-operator/pkg/controller/manager/ensurer.go:260.10,261.42 1 15
github.com/cafe24-dhkim05/redis-cluster-operator/pkg/controller/manager/ensurer.go:261.42,263.6 1 2
github.com/cafe24-dhkim05/redis-cluster-operator/pkg/controller/manager/ensurer.go:265.9,267.4 1 0
github.com/cafe24-dhkim05/redis-cluster-operator/pkg/controller/manager/ensurer.go:269.2,269.14 1 2
github.com/cafe24-dhkim05/redis-cluster-operator/pkg/controller/manager/ensurer.go:272.134,273.52 1 0
github.com/cafe24-dhkim05/redis-cluster-operator/pkg/controller/manager/ensurer.go:273.52,278.82 4 0
github.com/cafe24-dhkim05/redis-cluster-operator/pkg/controller/manager/ensurer.go:278.82,280.4 1 0
github.com/cafe24-dhkim05/redis-cluster-operator/pkg/controller/manager/ensurer.go:282.2,282.12 1 0
github.com/cafe24-dhkim05/redis-cluster-operator/pkg/controller/manager/ensurer.go:286.34,290.16 3 0
github.com/cafe24-dhkim05/redis-cluster-operator/pkg/controller/manager/ensurer.go:290.16,292.3 1 0
github.com/cafe24-dhkim05/redis-cluster-operator/pkg/controller/manager/ensurer.go:293.2,293.53 1 0
github.com/cafe24-dhkim05/redis-cluster-operator/pkg/controller/manager/healer.go:20.47,22.2 1 0
github.com/cafe24-dhkim05/redis-cluster-operator/pkg/controller/manager/healer.go:24.142,25.76 1 0
github.com/cafe24-dhkim05/redis-cluster-operator/pkg/controller/manager/healer.go:25.76,27.3 1 0
github.com/cafe24-dhkim05/redis-cluster-operator/pkg/controller/manager/healer.go:27.8,27.23 1 0
github.com/cafe24-dhkim05/redis-cluster-operator/pkg/controller/manager/healer.go:27.23,29.3 1 0
github.com/cafe24-dhkim05/redis-cluster-operator/pkg/controller/manager/healer.go:31.2,31.79 1 0
github.com/cafe24-dhkim05/redis-cluster-operator/pkg/controller/manager/healer.go:31.79,33.3 1 0
github.com/cafe24-dhkim05/redis-cluster-operator/pkg/controller/manager/healer.go:33.8,33.23 1 0
github.com/cafe24-dhkim05/redis-cluster-operator/pkg/controller/manager/healer.go:33.23,35.3 1 0
github.com/cafe24-dhkim05/redis-cluster-operator/pkg/controller/manager/healer.go:36.2,36.19 1 0
github.com/cafe24-dhkim05/redis-cluster-operator/pkg/redisutil/admin.go:97.78,107.2 3 0
github.com/cafe24-dhkim05/redis-cluster-operator/pkg/redisutil/admin.go:110.49,112.2 1 0
github.com/cafe24-dhkim05/redis-cluster-operator/pkg/redisutil/admin.go:115.25,117.2 1 0
github.com/cafe24-dhkim05/redis-cluster-operator/pkg/redisutil/admin.go:120.58,124.48 3 0
github.com/cafe24-dhkim05/redis-cluster-operator/pkg/redisutil/admin.go:124.48,126.17 2 0
github.com/cafe24-dhkim05/redis-cluster-operator/pkg/redisutil/admin.go:126.17,131.12 5 0
github.com/cafe24-dhkim05/redis-cluster-operator/pkg/redisutil/admin.go:133.3,133.63 1 0
github.com/cafe24-dhkim05/redis-cluster-operator/pkg/redisutil/admin.go:133.63,135.4 1 0
github.com/cafe24-dhkim05/redis-cluster-operator/pkg/redisutil/admin.go:135.9,137.4 1 0
github.com/cafe24-dhkim05/redis-cluster-operator/pkg/redisutil/admin.go:140.2,140.31 1 0
github.com/cafe24-dhkim05/redis-cluster-operator/pkg/redisutil/admin.go:140.31,142.3 1 0
github.com/cafe24-dhkim05/redis-cluster-operator/pkg/redisutil/admin.go:143.2,143.44 1 0
github.com/cafe24-dhkim05/redis-cluster-operator/pkg/redisutil/admin.go:143.44,145.3 1 0
github.com/cafe24-dhkim05/redis-cluster-operator/pkg/redisutil/admin.go:146.2,146.26 1 0
github.com/cafe24-dhkim05/redis-cluster-operator/pkg/redisutil/admin.go:149.70,151.97 2 0
github.com/cafe24-dhkim05/redis-cluster-operator/pkg/redisutil/admin.go:151.97,153.3 1 0
github.com/cafe24-dhkim05/redis-cluster-operator/pkg/redisutil/admin.go:155.2,159.16 4 0
github.com/cafe24-dhkim05/redis-cluster-operator/pkg/redisutil/admin.go:159.16,161.3 1 0
github.com/cafe24-dhkim05/redis-cluster-operator/pkg/redisutil/admin.go:163.2,165.23 2 0
github.com/cafe24-dhkim05/redis-cluster-operator/pkg/redisutil/admin.go:170.59,171.48 1 0
github.com/cafe24-dhkim05/redis-cluster-operator/pkg/redisutil/admin.go:171.48,173.17 2 0
github.com/cafe24-dhkim05/redis-cluster-operator/pkg/redisutil/admin.go:173.17,175.4 1 0
github.com/cafe24-dhkim05/redis-cluster-operator/pkg/redisutil/admin.go:176.3,176.21 1 0
github.com/cafe24-dhkim05/redis-cluster-operator/pkg/redisutil/admin.go:176.21,178.4 1 0
github.com/cafe24-dhkim05/redis-cluster-operator/pkg/redisutil/admin.go:180.2,180.18 1 0
github.com/cafe24-dhkim05/redis-cluster-operator/pkg/redisutil/admin.go:183.71,185.100 2 0
github.com/cafe24-dhkim05/redis-cluster-operator/pkg/redisutil/admin.go:185.100,187.3 1 0
github.com/cafe24-dhkim05/redis-cluster-operator/pkg/redisutil/admin.go:189.2,193.16 4 0
github.com/cafe24-dhkim05/redis-cluster-operator/pkg/redisutil/admin.go:193.16,195.3 1 0
github.com/cafe24-dhkim05/redis-cluster-operator/pkg/redisutil/admin.go:197.2,198.21 2 0
github.com/cafe24-dhkim05/redis-cluster-operator/pkg/redisutil/admin.go:198.21,200.3 1 0
github.com/cafe24-dhkim05/redis-cluster-operator/pkg/redisutil/admin.go:201.2,201.31 1 0
github.com/cafe24-dhkim05/redis-cluster-operator/pkg/redisutil/admin.go:205.73,207.16 2 0
github.com/cafe24-dhkim05/redis-cluster-operator/pkg/redisutil/admin.go:207.16,209.3 1 0
github.com/cafe24-dhkim05/redis-cluster-operator/pkg/redisutil/admin.go:211.2,212.110 2 0
github.com/cafe24-dhkim05/redis-cluster-operator/pkg/redisutil/admin.go:212.110,214.3 1 0
github.com/cafe24-dhkim05/redis-cluster-operator/pkg/redisutil/admin.go:216.2,219.12 3 0
github.com/cafe24-dhkim05/redis-cluster-operator/pkg/redisutil/admin.go:223.59,224.21 1 0
github.com/cafe24-dhkim05/redis-cluster-operator/pkg/redisutil/admin.go:224.21,226.3 1 0
github.com/cafe24-dhkim05/redis-cluster-operator/pkg/redisutil/admin.go:227.2,228.16 2 0
github.com/cafe24-dhkim05/redis-cluster-operator/pkg/redisutil/admin.go:228.16,230.3 1 0
github.com/cafe24-dhkim05/redis-cluster-operator/pkg/redisutil/admin.go:232.2,234.83 2 0
github.com/cafe24-dhkim05/redis-cluster-operator/pkg/redisutil/admin.go:238.82,239.21 1 0
github.com/cafe24-dhkim05/redis-cluster-operator/pkg/redisutil/admin.go:239.21,241.3 1 0
github.com/cafe24-dhkim05/redis-cluster-operator/pkg/redisutil/admin.go:242.2,243.16 2 0
github.com/cafe24-dhkim05/redis-cluster-operator/pkg/redisutil/admin.go:243.16,245.3 1 0
github.com/cafe24-dhkim05/redis-cluster-operator/pkg/redisutil/admin.go:246.2,246.29 1 0
github.com/cafe24-dhkim05/redis-cluster-operator/pkg/redisutil/admin.go:246.29,247.19 1 0
github.com/cafe24-dhkim05/redis-cluster-operator/pkg/redisutil/admin.go:247.19,249.4 1 0
github.com/cafe24-dhkim05/redis-cluster-operator/pkg/redisutil/admin.go:249.9,251.4 1 0
github.com/cafe24-dhkim05/redis-cluster-operator/pkg/redisutil/admin.go:253.2,253.66 1 0
github.com/cafe24-dhkim05/redis-cluster-operator/pkg/redisutil/admin.go:253.66,255.3 1 0
github.com/cafe24-dhkim05/redis-cluster-operator/pkg/redisutil/admin.go:256.2,258.12 2 0
github.com/cafe24-dhkim05/redis-cluster-operator/pkg/redisutil/admin.go:262.78,264.16 2 0
github.com/cafe24-dhkim05/redis-cluster-operator/pkg/redisutil/admin.go:264.16,266.3 1 0
github.com/cafe24-dhkim05/redis-cluster-operator/pkg/redisutil/admin.go:267.2,267.18 1 0
github.com/cafe24-dhkim05/redis-cluster-operator/pkg/redisutil/admin.go:267.18,269.3 1 0
github.com/cafe24-dhkim05/redis-cluster-operator/pkg/redisutil/admin.go:269.8,271.3 1 0
github.com/cafe24-dhkim05/redis-cluster-operator/pkg/redisutil/admin.go:272.2,272.66 1 0
github.com/cafe24-dhkim05/redis-cluster-operator/pkg/redisutil/admin.go:272.66,274.3 1 0
github.com/cafe24-dhkim05/redis-cluster-operator/pkg/redisutil/admin.go:275.2,277.12 2 0
github.com/cafe24-dhkim05/redis-cluster-operator/pkg/redisutil/admin.go:280.40,282.48 2 0
github.com/cafe24-dhkim05/redis-cluster-operator/pkg/redisutil/admin.go:282.48,284.108 2 0
github.com/cafe24-dhkim05/redis-cluster-operator/pkg/redisutil/admin.go:284.108,286.4 1 0
github.com/cafe24-dhkim05/redis-cluster-operator/pkg/redisutil/admin.go:287.3,287.16 1 0
github.com/cafe24-dhkim05/redis-cluster-operator/pkg/redisutil/admin.go:289.2,289.12 1 0
github.com/cafe24-dhkim05/redis-cluster-operator/pkg/redisutil/admin.go:293.56,295.16 2 0
github.com/cafe24-dhkim05/redis-cluster-operator/pkg/redisutil/admin.go:295.16,297.3 1 0
github.com/cafe24-dhkim05/redis-cluster-operator/pkg/redisutil/admin.go:299.2,300.19 2 0
github.com/cafe24-dhkim05/redis-cluster-operator/pkg/redisutil/admin.go:300.19,302.3 1 0
github.com/cafe24-dhkim05/redis-cluster-operator/pkg/redisutil/admin.go:303.2,303.49 1 0
github.com/cafe24-dhkim05/redis-cluster-operator/pkg/redisutil/admin.go:303.49,304.20 1 0
github.com/cafe24-dhkim05/redis-cluster-operator/pkg/redisutil/admin.go:304.20,305.12 1 0
github.com/cafe24-dhkim05/redis-cluster-operator/pkg/redisutil/admin.go:307.3,309.98 3 0
github.com/cafe24-dhkim05/redis-cluster-operator/pkg/redisutil/admin.go:309.98,311.4 1 0
github.com/cafe24-dhkim05/redis-cluster-operator/pkg/redisutil/admin.go:314.2,317.12 3 0
github.com/cafe24-dhkim05/redis-cluster-operator/pkg/redisutil/admin.go:321.81,323.94 2 0
github.com/cafe24-dhkim05/redis-cluster-operator/pkg/redisutil/admin.go:323.94,325.3 1 0
github.com/cafe24-dhkim05/redis-cluster-operator/pkg/redisutil/admin.go:327.2,331.16 4 0
github.com/cafe24-dhkim05/redis-cluster-operator/pkg/redisutil/admin.go:331.16,333.3 1 0
github.com/cafe24-dhkim05/redis-cluster-operator/pkg/redisutil/admin.go:335.2,335.17 1 0
github.com/cafe24-dhkim05/redis-cluster-operator/pkg/redisutil/admin.go:357.68,358.48 1 0
github.com/cafe24-dhkim05/redis-cluster-operator/pkg/redisutil/admin.go:358.48,360.17 2 0
github.com/cafe24-dhkim05/redis-cluster-operator/pkg/redisutil/admin.go:360.17,362.4 1 0
github.com/cafe24-dhkim05/redis-cluster-operator/pkg/redisutil/admin.go:364.3,364.37 1 0
github.com/cafe24-dhkim05/redis-cluster-operator/pkg/redisutil/admin.go:364.37,366.40 2 0
github.com/cafe24-dhkim05/redis-cluster-operator/pkg/redisutil/admin.go:366.40,368.19 2 0
github.com/cafe24-dhkim05/redis-cluster-operator/pkg/redisutil/admin.go:368.19,370.14 2 0
github.com/cafe24-dhkim05/redis-cluster-operator/pkg/redisutil/admin.go:373.4,373.31 1 0
github.com/cafe24-dhkim05/redis-cluster-operator/pkg/redisutil/admin.go:373.31,376.97 3 0
github.com/cafe24-dhkim05/redis-cluster-operator/pkg/redisutil/admin.go:376.97,378.6 1 0
github.com/cafe24-dhkim05/redis-cluster-operator/pkg/redisutil/admin.go:382.2,382.12 1 0
github.com/cafe24-dhkim05/redis-cluster-operator/pkg/redisutil/admin.go:386.39,388.2 1 0
github.com/cafe24-dhkim05/redis-cluster-operator/pkg/redisutil/admin.go:392.119,393.21 1 0
github.com/cafe24-dhkim05/redis-cluster-operator/pkg/redisutil/admin.go:393.21,395.3 1 0
github.com/cafe24-dhkim05/redis-cluster-operator/pkg/redisutil/admin.go:396.2,398.16 3 0
github.com/cafe24-dhkim05/redis-cluster-operator/pkg/redisutil/admin.go:398.16,400.3 1 0
github.com/cafe24-dhkim05/redis-cluster-operator/pkg/redisutil/admin.go:401.2,404.29 3 0
github.com/cafe24-dhkim05/redis-cluster-operator/pkg/redisutil/admin.go:404.29,405.7 1 0
github.com/cafe24-dhkim05/redis-cluster-operator/pkg/redisutil/admin.go:405.7,407.106 2 0
github.com/cafe24-dhkim05/redis-cluster-operator/pkg/redisutil/admin.go:407.106,409.5 1 0
github.com/cafe24-dhkim05/redis-cluster-operator/pkg/redisutil/admin.go:410.4,411.18 2 0
github.com/cafe24-dhkim05/redis-cluster-operator/pkg/redisutil/admin.go:411.18,414.5 2 0
github.com/cafe24-dhkim05/redis-cluster-operator/pkg/redisutil/admin.go:416.4,417.22 2 0
github.com/cafe24-dhkim05/redis-cluster-operator/pkg/redisutil/admin.go:417.22,418.10 1 0
github.com/cafe24-dhkim05/redis-cluster-operator/pkg/redisutil/admin.go:421.4,424.100 3 0
github.com/cafe24-dhkim05/redis-cluster-operator/pkg/redisutil/admin.go:424.100,426.5 1 0
github.com/cafe24-dhkim05/redis-cluster-operator/pkg/redisutil/admin.go:430.2,430.22 1 0
github.com/cafe24-dhkim05/redis-cluster-operator/pkg/redisutil/admin.go:435.122,438.16 3 0
github.com/cafe24-dhkim05/redis-cluster-operator/pkg/redisutil/admin.go:438.16,440.3 1 0
github.com/cafe24-dhkim05/redis-cluster-operator/pkg/redisutil/admin.go:441.2,444.6 3 0
github.com/cafe24-dhkim05/redis-cluster-operator/pkg/redisutil/admin.go:444.6,446.105 2 0
github.com/cafe24-dhkim05/redis-cluster-operator/pkg/redisutil/admin.go:446.105,448.4 1 0
github.com/cafe24-dhkim05/redis-cluster-operator/pkg/redisutil/admin.go:449.3,450.17 2 0
github.com/cafe24-dhkim05/redis-cluster-operator/pkg/redisutil/admin.go:450.17,453.4 2 0
github.com/cafe24-dhkim05/redis-cluster-operator/pkg/redisutil/admin.go:455.3,456.21 2 0
github.com/cafe24-dhkim05/redis-cluster-operator/pkg/redisutil/admin.go:456.21,457.9 1 0
github.com/cafe24-dhkim05/redis-cluster-operator/pkg/redisutil/admin.go:460.3,463.99 3 0
github.com/cafe24-dhkim05/redis-cluster-operator/pkg/redisutil/admin.go:463.99,465.4 1 0
github.com/cafe24-dhkim05/redis-cluster-operator/pkg/redisutil/admin.go:468.2,468.22 1 0
github.com/cafe24-dhkim05/redis-cluster-operator/pkg/redisutil/admin.go:471.101,473.51 2 0
github.com/cafe24-dhkim05/redis-cluster-operator/pkg/redisutil/admin.go:473.51,475.3 1 0
github.com/cafe24-dhkim05/redis-cluster-operator/pkg/redisutil/admin.go:476.2,476.13 1 0
github.com/cafe24-dhkim05/redis-cluster-operator/pkg/redisutil/admin.go:476.13,478.3 1 0
github.com/cafe24-dhkim05/redis-cluster-operator/pkg/redisutil/admin.go:478.8,480.3 1 0
github.com/cafe24-dhkim05/redis-cluster-operator/pkg/redisutil/admin.go:481.2,482.13 2 0
github.com/cafe24-dhkim05/redis-cluster-operator/pkg/redisutil/admin.go:486.45,488.47 2 0
github.com/cafe24-dhkim05/redis-cluster-operator/pkg/redisutil/admin.go:488.47,489.30 1 0
github.com/cafe24-dhkim05/redis-cluster-operator/pkg/redisutil/admin.go:489.30,490.12 1 0
github.com/cafe24-dhkim05/redis-cluster-operator/pkg/redisutil/admin.go:493.3,493.69 1 0
github.com/cafe24-dhkim05/redis-cluster-operator/pkg/redisutil/admin.go:493.69,494.56 1 0
github.com/cafe24-dhkim05/redis-cluster-operator/pkg/redisutil/admin.go:494.56,496.5 1 0
github.com/cafe24-dhkim05/redis-cluster-operator/pkg/redisutil/admin.go:497.4,497.87 1 0
github.com/cafe24-dhkim05/redis-cluster-operator/pkg/redisutil/admin.go:500.3,501.17 2 0
github.com/cafe24-dhkim05/redis-cluster-operator/pkg/redisutil/admin.go:501.17,503.12 2 0
github.com/cafe24-dhkim05/redis-cluster-operator/pkg/redisutil/admin.go:506.3,508.83 3 0
github.com/cafe24-dhkim05/redis-cluster-operator/pkg/redisutil/admin.go:511.2,512.12 2 0
github.com/cafe24-dhkim05/redis-cluster-operator/pkg/redisutil/admin.go:516.48,518.16 2 0
github.com/cafe24-dhkim05/redis-cluster-operator/pkg/redisutil/admin.go:518.16,521.3 2 0
github.com/cafe24-dhkim05/redis-cluster-operator/pkg/redisutil/admin.go:523.2,524.107 2 0
github.com/cafe24-dhkim05/redis-cluster-operator/pkg/redisutil/admin.go:524.107,526.3 1 0
github.com/cafe24-dhkim05/redis-cluster-operator/pkg/redisutil/admin.go:528.2,528.61 1 0
github.com/cafe24-dhkim05/redis-cluster-operator/pkg/redisutil/admin.go:528.61,531.3 2 0
github.com/cafe24-dhkim05/redis-cluster-operator/pkg/redisutil/admin.go:533.2,536.12 3 0
github.com/cafe24-dhkim05/redis-cluster-operator/pkg/redisutil/admin.go:540.63,542.16 2 0
github.com/cafe24-dhkim05/redis-cluster-operator/pkg/redisutil/admin.go:542.16,544.3 1 0
github.com/cafe24-dhkim05/redis-cluster-operator/pkg/redisutil/admin.go:545.2,548.69 3 0
github.com/cafe24-dhkim05/redis-cluster-operator/pkg/redisutil/admin.go:548.69,550.3 1 0
github.com/cafe24-dhkim05/redis-cluster-operator/pkg/redisutil/admin.go:552.2,552.12 1 0
github.com/cafe24-dhkim05/redis-cluster-operator/pkg/redisutil/admin.go:556.57,558.19 2 0
github.com/cafe24-dhkim05/redis-cluster-operator/pkg/redisutil/admin.go:558.19,560.3 1 0
github.com/cafe24-dhkim05/redis-cluster-operator/pkg/redisutil/admin.go:561.2,561.48 1 0
github.com/cafe24-dhkim05/redis-cluster-operator/pkg/redisutil/admin.go:561.48,564.104 3 0
github.com/cafe24-dhkim05/redis-cluster-operator/pkg/redisutil/admin.go:564.104,566.4 1 0
github.com/cafe24-dhkim05/redis-cluster-operator/pkg/redisutil/admin.go:567.3,568.105 2 0
github.com/cafe24-dhkim05/redis-cluster-operator/pkg/redisutil/admin.go:568.105,570.4 1 0
github.com/cafe24-dhkim05/redis-cluster-operator/pkg/redisutil/admin.go:572.2,572.12 1 0
github.com/cafe24-dhkim05/redis-cluster-operator/pkg/redisutil/client.go:50.117,57.16 4 0
github.com/cafe24-dhkim05/redis-cluster-operator/pkg/redisutil/client.go:57.16,59.3 1 0
github.com/cafe24-dhkim05/redis-cluster-operator/pkg/redisutil/client.go:60.2,60.20 1 0
github.com/cafe24-dhkim05/redis-cluster-operator/pkg/redisutil/client.go:60.20,62.3 1 0
github.com/cafe24-dhkim05/redis-cluster-operator/pkg/redisutil/client.go:63.2,63.15 1 0
github.com/cafe24-dhkim05/redis-cluster-operator/pkg/redisutil/client.go:67.32,69.2 1 0
github.com/cafe24-dhkim05/redis-cluster-operator/pkg/redisutil/client.go:72.67,74.2 1 0
github.com/cafe24-dhkim05/redis-cluster-operator/pkg/redisutil/client.go:77.48,79.58 2 0
github.com/cafe24-dhkim05/redis-cluster-operator/pkg/redisutil/client.go:79.58,81.3 1 0
github.com/cafe24-dhkim05/redis-cluster-operator/pkg/redisutil/client.go:82.2,82.17 1 0
github.com/cafe24-dhkim05/redis-cluster-operator/pkg/redisutil/client.go:86.62,88.2 1 0
github.com/cafe24-dhkim05/redis-cluster-operator/pkg/redisutil/client.go:91.41,93.2 1 0
github.com/cafe24-dhkim05/redis-cluster-operator/pkg/redisutil/client.go:96.41,98.2 1 0
github.com/cafe24-dhkim05/redis-cluster-operator/pkg/redisutil/client.go:101.41,103.2 1 0
github.com/cafe24-dhkim05/redis-cluster-operator/pkg/redisutil/cluster.go:23.50,31.2 2 0
github.com/cafe24-dhkim05/redis-cluster-operator/pkg/redisutil/cluster.go:36.39,37.35 1 0
github.com/cafe24-dhkim05/redis-cluster-operator/pkg/redisutil/cluster.go:37.35,39.3 1 0
github.com/cafe24-dhkim05/redis-cluster-operator/pkg/redisutil/cluster.go:41.2,41.25 1 0
github.com/cafe24-dhkim05/redis-cluster-operator/pkg/redisutil/cluster.go:46.57,47.30 1 0
github.com/cafe24-dhkim05/redis-cluster-operator/pkg/redisutil/cluster.go:47.30,49.3 1 0
github.com/cafe24-dhkim05/redis-cluster-operator/pkg/redisutil/cluster.go:50.2,50.33 1 0
github.com/cafe24-dhkim05/redis-cluster-operator/pkg/redisutil/cluster.go:55.57,56.36 1 0
github.com/cafe24-dhkim05/redis-cluster-operator/pkg/redisutil/cluster.go:56.36,58.3 1 0
github.com/cafe24-dhkim05/redis-cluster-operator/pkg/redisutil/cluster.go:60.2,60.34 1 0
github.com/cafe24-dhkim05/redis-cluster-operator/pkg/redisutil/cluster.go:65.64,66.36 1 0
github.com/cafe24-dhkim05/redis-cluster-operator/pkg/redisutil/cluster.go:66.36,67.27 1 0
github.com/cafe24-dhkim05/redis-cluster-operator/pkg/redisutil/cluster.go:67.27,69.4 1 0
github.com/cafe24-dhkim05/redis-cluster-operator/pkg/redisutil/cluster.go:70.3,70.15 1 0
github.com/cafe24-dhkim05/redis-cluster-operator/pkg/redisutil/cluster.go:73.2,73.34 1 0
github.com/cafe24-dhkim05/redis-cluster-operator/pkg/redisutil/cluster.go:77.64,78.28 1 0
github.com/cafe24-dhkim05/redis-cluster-operator/pkg/redisutil/cluster.go:78.28,79.11 1 0
github.com/cafe24-dhkim05/redis-cluster-operator/pkg/redisutil/cluster.go:79.11,81.4 1 0
github.com/cafe24-dhkim05/redis-cluster-operator/pkg/redisutil/cluster.go:83.2,83.33 1 0
github.com/cafe24-dhkim05/redis-cluster-operator/pkg/redisutil/cluster.go:87.65,89.28 2 0
github.com/cafe24-dhkim05/redis-cluster-operator/pkg/redisutil/cluster.go:89.28,90.11 1 0
github.com/cafe24-dhkim05/redis-cluster-operator/pkg/redisutil/cluster.go:90.11,92.4 1 0
github.com/cafe24-dhkim05/redis-cluster-operator/pkg/redisutil/cluster.go:94.2,94.21 1 0
github.com/cafe24-dhkim05/redis-cluster-operator/pkg/redisutil/cluster.go:94.21,96.3 1 0
github.com/cafe24-dhkim05/redis-cluster-operator/pkg/redisutil/cluster.go:97.2,97.19 1 0
github.com/cafe24-dhkim05/redis-cluster-operator/pkg/redisutil/clusterinfo.go:41.32,46.2 1 0
github.com/cafe24-dhkim05/redis-cluster-operator/pkg/redisutil/clusterinfo.go:49.38,54.2 1 0
github.com/cafe24-dhkim05/redis-cluster-operator/pkg/redisutil/clusterinfo.go:57.77,59.29 2 0
github.com/cafe24-dhkim05/redis-cluster-operator/pkg/redisutil/clusterinfo.go:59.29,61.39 2 0
github.com/cafe24-dhkim05/redis-cluster-operator/pkg/redisutil/clusterinfo.go:61.39,63.18 2 0
github.com/cafe24-dhkim05/redis-cluster-operator/pkg/redisutil/clusterinfo.go:63.18,66.5 2 0
github.com/cafe24-dhkim05/redis-cluster-operator/pkg/redisutil/clusterinfo.go:67.4,67.77 1 0
github.com/cafe24-dhkim05/redis-cluster-operator/pkg/redisutil/clusterinfo.go:70.2,71.103 2 0
github.com/cafe24-dhkim05/redis-cluster-operator/pkg/redisutil/clusterinfo.go:75.78,78.29 3 0
github.com/cafe24-dhkim05/redis-cluster-operator/pkg/redisutil/clusterinfo.go:78.29,80.22 2 0
github.com/cafe24-dhkim05/redis-cluster-operator/pkg/redisutil/clusterinfo.go:80.22,83.12 2 0
github.com/cafe24-dhkim05/redis-cluster-operator/pkg/redisutil/clusterinfo.go:84.9,90.61 4 0
github.com/cafe24-dhkim05/redis-cluster-operator/pkg/redisutil/clusterinfo.go:90.61,93.17 3 0
github.com/cafe24-dhkim05/redis-cluster-operator/pkg/redisutil/clusterinfo.go:93.17,96.6 1 0
github.com/cafe24-dhkim05/redis-cluster-operator/pkg/redisutil/clusterinfo.go:97.10,99.5 1 0
github.com/cafe24-dhkim05/redis-cluster-operator/pkg/redisutil/clusterinfo.go:100.4,103.65 4 0
github.com/cafe24-dhkim05/redis-cluster-operator/pkg/redisutil/clusterinfo.go:103.65,105.5 1 0
github.com/cafe24-dhkim05/redis-cluster-operator/pkg/redisutil/clusterinfo.go:106.4,106.65 1 0
github.com/cafe24-dhkim05/redis-cluster-operator/pkg/redisutil/clusterinfo.go:106.65,108.5 1 0
github.com/cafe24-dhkim05/redis-cluster-operator/pkg/redisutil/clusterinfo.go:109.4,109.65 1 0
github.com/cafe24-dhkim05/redis-cluster-operator/pkg/redisutil/clusterinfo.go:109.65,111.5 1 0
github.com/cafe24-dhkim05/redis-cluster-operator/pkg/redisutil/clusterinfo.go:112.4,114.36 2 0
github.com/cafe24-dhkim05/redis-cluster-operator/pkg/redisutil/clusterinfo.go:114.36,115.74 1 0
github.com/cafe24-dhkim05/redis-cluster-operator/pkg/redisutil/clusterinfo.go:115.74,117.26 2 0
github.com/cafe24-dhkim05/redis-cluster-operator/pkg/redisutil/clusterinfo.go:117.26,119.7 1 0
github.com/cafe24-dhkim05/redis-cluster-operator/pkg/redisutil/clusterinfo.go:120.6,120.26 1 0
github.com/cafe24-dhkim05/redis-cluster-operator/pkg/redisutil/clusterinfo.go:120.26,122.7 1 0
github.com/cafe24-dhkim05/redis-cluster-operator/pkg/redisutil/clusterinfo.go:126.4,126.46 1 0
github.com/cafe24-dhkim05/redis-cluster-operator/pkg/redisutil/clusterinfo.go:126.46,129.5 2 0
github.com/cafe24-dhkim05/redis-cluster-operator/pkg/redisutil/clusterinfo.go:129.10,132.5 2 0
github.com/cafe24-dhkim05/redis-cluster-operator/pkg/redisutil/clusterinfo.go:136.2,136.14 1 0
github.com/cafe24-dhkim05/redis-cluster-operator/pkg/redisutil/clusterinfo.go:143.60,144.35 1 0
github.com/cafe24-dhkim05/redis-cluster-operator/pkg/redisutil/clusterinfo.go:144.35,146.3 1 0
github.com/cafe24-dhkim05/redis-cluster-operator/pkg/redisutil/clusterinfo.go:148.2,153.39 5 0
github.com/cafe24-dhkim05/redis-cluster-operator/pkg/redisutil/clusterinfo.go:153.39,157.63 4 0
github.com/cafe24-dhkim05/redis-cluster-operator/pkg/redisutil/clusterinfo.go:157.63,161.4 3 0
github.com/cafe24-dhkim05/redis-cluster-operator/pkg/redisutil/clusterinfo.go:163.2,163.35 1 0
github.com/cafe24-dhkim05/redis-cluster-operator/pkg/redisutil/clusterinfo.go:163.35,166.3 2 0
github.com/cafe24-dhkim05/redis-cluster-operator/pkg/redisutil/clusterinfo.go:167.2,167.26 1 0
github.com/cafe24-dhkim05/redis-cluster-operator/pkg/redisutil/clusterinfo.go:173.41,175.36 2 0
github.com/cafe24-dhkim05/redis-cluster-operator/pkg/redisutil/clusterinfo.go:175.36,177.3 1 0
github.com/cafe24-dhkim05/redis-cluster-operator/pkg/redisutil/clusterinfo.go:178.2,178.14 1 0
github.com/cafe24-dhkim05/redis-cluster-operator/pkg/redisutil/clusterinfo.go:185.42,188.19 3 0
github.com/cafe24-dhkim05/redis-cluster-operator/pkg/redisutil/clusterinfo.go:188.19,190.3 1 0
github.com/cafe24-dhkim05/redis-cluster-operator/pkg/redisutil/clusterinfo.go:191.2,192.23 2 0
github.com/cafe24-dhkim05/redis-cluster-operator/pkg/redisutil/clusterinfo.go:192.23,194.3 1 0
github.com/cafe24-dhkim05/redis-cluster-operator/pkg/redisutil/clusterinfo.go:195.2,196.10 2 0
github.com/cafe24-dhkim05/redis-cluster-operator/pkg/redisutil/clusterinfo.go:200.54,202.29 2 0
github.com/cafe24-dhkim05/redis-cluster-operator/pkg/redisutil/clusterinfo.go:202.29,203.35 1 0
github.com/cafe24-dhkim05/redis-cluster-operator/pkg/redisutil/clusterinfo.go:203.35,205.4 1 0
github.com/cafe24-dhkim05/redis-cluster-operator/pkg/redisutil/clusterinfo.go:207.2,207.18 1 0
github.com/cafe24-dhkim05/redis-cluster-operator/pkg/redisutil/clusterinfo.go:210.60,212.11 2 0
github.com/cafe24-dhkim05/redis-cluster-operator/pkg/redisutil/clusterinfo.go:212.11,214.3 1 0
github.com/cafe24-dhkim05/redis-cluster-operator/pkg/redisutil/clusterinfo.go:215.2,217.24 3 0
github.com/cafe24-dhkim05/redis-cluster-operator/pkg/redisutil/connections.go:76.13,78.2 1 1
github.com/cafe24-dhkim05/redis-cluster-operator/pkg/redisutil/connections.go:81.100,89.20 2 0
github.com/cafe24-dhkim05/redis-cluster-operator/pkg/redisutil/connections.go:89.20,90.37 1 0
github.com/cafe24-dhkim05/redis-cluster-operator/pkg/redisutil/connections.go:90.37,92.4 1 0
github.com/cafe24-dhkim05/redis-cluster-operator/pkg/redisutil/connections.go:93.3,93.64 1 0
github.com/cafe24-dhkim05/redis-cluster-operator/pkg/redisutil/connections.go:93.64,95.4 1 0
github.com/cafe24-dhkim05/redis-cluster-operator/pkg/redisutil/connections.go:96.3,97.34 2 0
github.com/cafe24-dhkim05/redis-cluster-operator/pkg/redisutil/connections.go:99.2,100.12 2 0
github.com/cafe24-dhkim05/redis-cluster-operator/pkg/redisutil/connections.go:104.55,105.27 1 0
github.com/cafe24-dhkim05/redis-cluster-operator/pkg/redisutil/connections.go:105.27,107.3 1 0
github.com/cafe24-dhkim05/redis-cluster-operator/pkg/redisutil/connections.go:108.2,108.18 1 0
github.com/cafe24-dhkim05/redis-cluster-operator/pkg/redisutil/connections.go:113.59,117.2 3 0
github.com/cafe24-dhkim05/redis-cluster-operator/pkg/redisutil/connections.go:122.53,123.29 1 0
github.com/cafe24-dhkim05/redis-cluster-operator/pkg/redisutil/connections.go:123.29,125.3 1 0
github.com/cafe24-dhkim05/redis-cluster-operator/pkg/redisutil/connections.go:130.57,133.2 2 0
github.com/cafe24-dhkim05/redis-cluster-operator/pkg/redisutil/connections.go:136.38,137.32 1 0
github.com/cafe24-dhkim05/redis-cluster-operator/pkg/redisutil/connections.go:137.32,139.3 1 0
github.com/cafe24-dhkim05/redis-cluster-operator/pkg/redisutil/connections.go:140.2,140.36 1 0
github.com/cafe24-dhkim05/redis-cluster-operator/pkg/redisutil/connections.go:144.58,146.2 1 0
github.com/cafe24-dhkim05/redis-cluster-operator/pkg/redisutil/connections.go:149.77,151.29 2 0
github.com/cafe24-dhkim05/redis-cluster-operator/pkg/redisutil/connections.go:151.29,152.42 1 0
github.com/cafe24-dhkim05/redis-cluster-operator/pkg/redisutil/connections.go:152.42,154.4 1 0
github.com/cafe24-dhkim05/redis-cluster-operator/pkg/redisutil/connections.go:156.2,156.24 1 0
github.com/cafe24-dhkim05/redis-cluster-operator/pkg/redisutil/connections.go:160.38,161.32 1 0
github.com/cafe24-dhkim05/redis-cluster-operator/pkg/redisutil/connections.go:161.32,163.3 1 0
github.com/cafe24-dhkim05/redis-cluster-operator/pkg/redisutil/connections.go:168.53,171.2 2 0
github.com/cafe24-dhkim05/redis-cluster-operator/pkg/redisutil/connections.go:174.50,175.36 1 0
github.com/cafe24-dhkim05/redis-cluster-operator/pkg/redisutil/connections.go:175.36,178.3 2 0
github.com/cafe24-dhkim05/redis-cluster-operator/pkg/redisutil/connections.go:183.67,185.36 1 0
github.com/cafe24-dhkim05/redis-cluster-operator/pkg/redisutil/connections.go:185.36,187.3 1 0
github.com/cafe24-dhkim05/redis-cluster-operator/pkg/redisutil/connections.go:189.2,190.28 2 0
github.com/cafe24-dhkim05/redis-cluster-operator/pkg/redisutil/connections.go:190.28,192.3 1 0
github.com/cafe24-dhkim05/redis-cluster-operator/pkg/redisutil/connections.go:192.8,194.3 1 0
github.com/cafe24-dhkim05/redis-cluster-operator/pkg/redisutil/connections.go:195.2,195.15 1 0
github.com/cafe24-dhkim05/redis-cluster-operator/pkg/redisutil/connections.go:200.64,201.36 1 0
github.com/cafe24-dhkim05/redis-cluster-operator/pkg/redisutil/connections.go:201.36,203.3 1 0
github.com/cafe24-dhkim05/redis-cluster-operator/pkg/redisutil/connections.go:204.2,205.28 2 0
github.com/cafe24-dhkim05/redis-cluster-operator/pkg/redisutil/connections.go:205.28,207.3 1 0
github.com/cafe24-dhkim05/redis-cluster-operator/pkg/redisutil/connections.go:208.2,208.15 1 0
github.com/cafe24-dhkim05/redis-cluster-operator/pkg/redisutil/connections.go:212.59,215.2 2 0
github.com/cafe24-dhkim05/redis-cluster-operator/pkg/redisutil/connections.go:218.77,219.27 1 0
github.com/cafe24-dhkim05/redis-cluster-operator/pkg/redisutil/connections.go:219.27,220.33 1 0
github.com/cafe24-dhkim05/redis-cluster-operator/pkg/redisutil/connections.go:220.33,221.17 1 0
github.com/cafe24-dhkim05/redis-cluster-operator/pkg/redisutil/connections.go:221.17,223.5 1 0
github.com/cafe24-dhkim05/redis-cluster-operator/pkg/redisutil/connections.go:224.4,224.39 1 0
github.com/cafe24-dhkim05/redis-cluster-operator/pkg/redisutil/connections.go:228.2,228.6 1 0
github.com/cafe24-dhkim05/redis-cluster-operator/pkg/redisutil/connections.go:228.6,230.17 2 0
github.com/cafe24-dhkim05/redis-cluster-operator/pkg/redisutil/connections.go:230.17,232.4 1 0
github.com/cafe24-dhkim05/redis-cluster-operator/pkg/redisutil/connections.go:233.3,233.16 1 0
github.com/cafe24-dhkim05/redis-cluster-operator/pkg/redisutil/connections.go:233.16,235.4 1 0
github.com/cafe24-dhkim05/redis-cluster-operator/pkg/redisutil/connections.go:240.76,242.19 2 0
github.com/cafe24-dhkim05/redis-cluster-operator/pkg/redisutil/connections.go:242.19,244.3 1 0
github.com/cafe24-dhkim05/redis-cluster-operator/pkg/redisutil/connections.go:245.2,246.32 2 0
github.com/cafe24-dhkim05/redis-cluster-operator/pkg/redisutil/connections.go:246.32,247.22 1 0
github.com/cafe24-dhkim05/redis-cluster-operator/pkg/redisutil/connections.go:247.22,249.4 1 0
[...]
github.com/cafe24-dhkim05/redis-cluster-operator/pkg/redisutil/slot.go:98.9,100.4 1 0
github.com/cafe24-dhkim05/redis-cluster-operator/pkg/redisutil/slot.go:101.8,101.25 1 0
github.com/cafe24-dhkim05/redis-cluster-operator/pkg/redisutil/slot.go:101.25,103.17 2 0
github.com/cafe24-dhkim05/redis-cluster-operator/pkg/redisutil/slot.go:103.17,105.4 1 0
github.com/cafe24-dhkim05/redis-cluster-operator/pkg/redisutil/slot.go:106.3,106.19 1 0
github.com/cafe24-dhkim05/redis-cluster-operator/pkg/redisutil/slot.go:106.19,108.18 2 0
github.com/cafe24-dhkim05/redis-cluster-operator/pkg/redisutil/slot.go:108.18,110.5 1 0
github.com/cafe24-dhkim05/redis-cluster-operator/pkg/redisutil/slot.go:111.9,113.4 1 0
github.com/cafe24-dhkim05/redis-cluster-operator/pkg/redisutil/slot.go:114.8,116.3 1 0
github.com/cafe24-dhkim05/redis-cluster-operator/pkg/redisutil/slot.go:118.2,120.29 2 0
github.com/cafe24-dhkim05/redis-cluster-operator/pkg/redisutil/slot.go:124.52,130.29 6 0
github.com/cafe24-dhkim05/redis-cluster-operator/pkg/redisutil/slot.go:130.29,131.12 1 0
github.com/cafe24-dhkim05/redis-cluster-operator/pkg/redisutil/slot.go:131.12,135.12 4 0
github.com/cafe24-dhkim05/redis-cluster-operator/pkg/redisutil/slot.go:137.3,137.19 1 0
github.com/cafe24-dhkim05/redis-cluster-operator/pkg/redisutil/slot.go:137.19,140.4 2 0
github.com/cafe24-dhkim05/redis-cluster-operator/pkg/redisutil/slot.go:141.3,141.13 1 0
github.com/cafe24-dhkim05/redis-cluster-operator/pkg/redisutil/slot.go:143.2,143.12 1 0
github.com/cafe24-dhkim05/redis-cluster-operator/pkg/redisutil/slot.go:143.12,145.3 1 0
github.com/cafe24-dhkim05/redis-cluster-operator/pkg/redisutil/slot.go:147.2,147.15 1 0
github.com/cafe24-dhkim05/redis-cluster-operator/pkg/redisutil/slot.go:151.60,152.34 1 5
github.com/cafe24-dhkim05/redis-cluster-operator/pkg/redisutil/slot.go:152.34,154.34 2 26
github.com/cafe24-dhkim05/redis-cluster-operator/pkg/redisutil/slot.go:154.34,155.14 1 42
github.com/cafe24-dhkim05/redis-cluster-operator/pkg/redisutil/slot.go:155.14,158.10 3 8
github.com/cafe24-dhkim05/redis-cluster-operator/pkg/redisutil/slot.go:163.2,163.14 1 5
github.com/cafe24-dhkim05/redis-cluster-operator/pkg/redisutil/slot.go:167.56,168.34 1 5
github.com/cafe24-dhkim05/redis-cluster-operator/pkg/redisutil/slot.go:168.34,170.23 2 11
github.com/cafe24-dhkim05/redis-cluster-operator/pkg/redisutil/slot.go:170.23,172.9 2 4
github.com/cafe24-dhkim05/redis-cluster-operator/pkg/redisutil/slot.go:176.2,176.14 1 5
github.com/cafe24-dhkim05/redis-cluster-operator/pkg/redisutil/slot.go:180.55,181.31 1 0
github.com/cafe24-dhkim05/redis-cluster-operator/pkg/redisutil/slot.go:181.31,182.26 1 0
github.com/cafe24-dhkim05/redis-cluster-operator/pkg/redisutil/slot.go:182.26,184.4 1 0
github.com/cafe24-dhkim05/redis-cluster-operator/pkg/redisutil/slot.go:186.2,186.14 1 0
github.com/cafe24-dhkim05/redis-cluster-operator/pkg/redisutil/slot.go:190.38,191.22 1 0
github.com/cafe24-dhkim05/redis-cluster-operator/pkg/redisutil/slot.go:191.22,192.13 1 0
github.com/cafe24-dhkim05/redis-cluster-operator/pkg/redisutil/slot.go:192.13,194.4 1 0
github.com/cafe24-dhkim05/redis-cluster-operator/pkg/redisutil/slot.go:196.2,196.14 1 0
github.com/cafe24-dhkim05/redis-cluster-operator/pkg/redisutil/slot.go:200.43,202.30 2 0
github.com/cafe24-dhkim05/redis-cluster-operator/pkg/redisutil/slot.go:202.30,204.3 1 0
github.com/cafe24-dhkim05/redis-cluster-operator/pkg/redisutil/slot.go:205.2,205.14 1 0
github.com/cafe24-dhkim05/redis-cluster-operator/pkg/resources/configmaps/configmap.go:22.116,75.2 4 0
github.com/cafe24-dhkim05/redis-cluster-operator/pkg/resources/configmaps/configmap.go:77.67,78.22 1 1
github.com/cafe24-dhkim05/redis-cluster-operator/pkg/resources/configmaps/configmap.go:78.22,80.3 1 0
github.com/cafe24-dhkim05/redis-cluster-operator/pkg/resources/configmaps/configmap.go:82.2,85.27 3 1
github.com/cafe24-dhkim05/redis-cluster-operator/pkg/resources/configmaps/configmap.go:85.27,87.3 1 26
github.com/cafe24-dhkim05/redis-cluster-operator/pkg/resources/configmaps/configmap.go:88.2,90.25 2 1
github.com/cafe24-dhkim05/redis-cluster-operator/pkg/resources/configmaps/configmap.go:90.25,92.18 2 26
github.com/cafe24-dhkim05/redis-cluster-operator/pkg/resources/configmaps/configmap.go:92.18,93.12 1 1
github.com/cafe24-dhkim05/redis-cluster-operator/pkg/resources/configmaps/configmap.go:95.3,96.27 2 25
github.com/cafe24-dhkim05/redis-cluster-operator/pkg/resources/configmaps/configmap.go:99.2,99.24 1 1
github.com/cafe24-dhkim05/redis-cluster-operator/pkg/resources/configmaps/configmap.go:102.52,104.2 1 0
github.com/cafe24-dhkim05/redis-cluster-operator/pkg/resources/configmaps/configmap.go:106.121,118.2 1 0
github.com/cafe24-dhkim05/redis-cluster-operator/pkg/resources/configmaps/configmap.go:120.54,122.2 1 0
github.com/cafe24-dhkim05/redis-cluster-operator/pkg/utils/compare.go:9.80,10.30 1 0
github.com/cafe24-dhkim05/redis-cluster-operator/pkg/utils/compare.go:10.30,12.3 1 0
github.com/cafe24-dhkim05/redis-cluster-operator/pkg/utils/compare.go:12.8,12.37 1 0
github.com/cafe24-dhkim05/redis-cluster-operator/pkg/utils/compare.go:12.37,14.3 1 0
github.com/cafe24-dhkim05/redis-cluster-operator/pkg/utils/compare.go:14.8,14.25 1 0
github.com/cafe24-dhkim05/redis-cluster-operator/pkg/utils/compare.go:14.25,17.3 2 0
github.com/cafe24-dhkim05/redis-cluster-operator/pkg/utils/compare.go:19.2,19.14 1 0
github.com/cafe24-dhkim05/redis-cluster-operator/pkg/utils/compare.go:22.76,23.16 1 0
github.com/cafe24-dhkim05/redis-cluster-operator/pkg/utils/compare.go:23.16,26.3 2 0
github.com/cafe24-dhkim05/redis-cluster-operator/pkg/utils/compare.go:28.2,28.14 1 0
github.com/cafe24-dhkim05/redis-cluster-operator/pkg/utils/compare.go:31.83,32.16 1 0
github.com/cafe24-dhkim05/redis-cluster-operator/pkg/utils/compare.go:32.16,35.3 2 0
github.com/cafe24-dhkim05/redis-cluster-operator/pkg/utils/compare.go:37.2,37.14 1 0
github.com/cafe24-dhkim05/redis-cluster-operator/pkg/utils/labels.go:4.68,7.35 2 0
github.com/cafe24-dhkim05/redis-cluster-operator/pkg/utils/labels.go:7.35,8.20 1 0
github.com/cafe24-dhkim05/redis-cluster-operator/pkg/utils/labels.go:8.20,9.29 1 0
github.com/cafe24-dhkim05/redis-cluster-operator/pkg/utils/labels.go:9.29,11.5 1 0
github.com/cafe24-dhkim05/redis-cluster-operator/pkg/utils/labels.go:14.2,14.12 1 0
github.com/cafe24-dhkim05/redis-cluster-operator/pkg/utils/math.go:5.29,7.2 1 0
github.com/cafe24-dhkim05/redis-cluster-operator/pkg/utils/parse.go:8.50,13.31 4 11
github.com/cafe24-dhkim05/redis-cluster-operator/pkg/utils/parse.go:13.31,16.3 2 2
github.com/cafe24-dhkim05/redis-cluster-operator/pkg/utils/parse.go:16.8,16.39 1 9
github.com/cafe24-dhkim05/redis-cluster-operator/pkg/utils/parse.go:16.39,19.3 2 2
github.com/cafe24-dhkim05/redis-cluster-operator/pkg/utils/parse.go:19.8,19.38 1 7
github.com/cafe24-dhkim05/redis-cluster-operator/pkg/utils/parse.go:19.38,22.3 2 1
github.com/cafe24-dhkim05/redis-cluster-operator/pkg/utils/parse.go:22.8,22.39 1 6
github.com/cafe24-dhkim05/redis-cluster-operator/pkg/utils/parse.go:22.39,25.3 2 1
github.com/cafe24-dhkim05/redis-cluster-operator/pkg/utils/parse.go:25.8,25.38 1 5
github.com/cafe24-dhkim05/redis-cluster-operator/pkg/utils/parse.go:25.38,28.3 2 1
github.com/cafe24-dhkim05/redis-cluster-operator/pkg/utils/parse.go:28.8,28.39 1 4
github.com/cafe24-dhkim05/redis-cluster-operator/pkg/utils/parse.go:28.39,31.3 2 1
github.com/cafe24-dhkim05/redis-cluster-operator/pkg/utils/parse.go:31.8,31.38 1 3
github.com/cafe24-dhkim05/redis-cluster-operator/pkg/utils/parse.go:31.38,34.3 2 2
github.com/cafe24-dhkim05/redis-cluster-operator/pkg/utils/parse.go:36.2,37.16 2 11
github.com/cafe24-dhkim05/redis-cluster-operator/pkg/utils/parse.go:37.16,39.3 1 1
github.com/cafe24-dhkim05/redis-cluster-operator/pkg/utils/parse.go:41.2,41.44 1 10
github.com/cafe24-dhkim05/redis-cluster-operator/pkg/utils/rename_cmd.go:14.85,17.16 3 0
github.com/cafe24-dhkim05/redis-cluster-operator/pkg/utils/rename_cmd.go:17.16,20.3 2 0
github.com/cafe24-dhkim05/redis-cluster-operator/pkg/utils/rename_cmd.go:21.2,24.21 3 0
github.com/cafe24-dhkim05/redis-cluster-operator/pkg/utils/rename_cmd.go:24.21,26.71 2 0
github.com/cafe24-dhkim05/redis-cluster-operator/pkg/utils/rename_cmd.go:26.71,28.4 1 0
github.com/cafe24-dhkim05/redis-cluster-operator/pkg/utils/rename_cmd.go:31.2,31.38 1 0
github.com/cafe24-dhkim05/redis-cluster-operator/pkg/utils/rename_cmd.go:31.38,34.3 2 0
github.com/cafe24-dhkim05/redis-cluster-operator/pkg/utils/rename_cmd.go:35.2,35.16 1 0
github.com/cafe24-dhkim05/redis-cluster-operator/pkg/utils/scoped.go:17.29,19.2 1 0
github.com/cafe24-dhkim05/redis-cluster-operator/pkg/utils/scoped.go:21.41,22.21 1 0
github.com/cafe24-dhkim05/redis-cluster-operator/pkg/utils/scoped.go:22.21,24.3 1 0
github.com/cafe24-dhkim05/redis-cluster-operator/pkg/utils/scoped.go:27.43,28.57 1 0
github.com/cafe24-dhkim05/redis-cluster-operator/pkg/utils/scoped.go:28.57,29.24 1 0
github.com/cafe24-dhkim05/redis-cluster-operator/pkg/utils/scoped.go:29.24,31.4 1 0
github.com/cafe24-dhkim05/redis-cluster-operator/pkg/utils/scoped.go:32.8,33.25 1 0
github.com/cafe24-dhkim05/redis-cluster-operator/pkg/utils/scoped.go:33.25,35.4 1 0
github.com/cafe24-dhkim05/redis-cluster-operator/pkg/utils/scoped.go:37.2,37.14 1 0
github.com/cafe24-dhkim05/redis-cluster-operator/pkg/utils/string.go:10.49,11.16 1 0
github.com/cafe24-dhkim05/redis-cluster-operator/pkg/utils/string.go:12.9,13.12 1 0
github.com/cafe24-dhkim05/redis-cluster-operator/pkg/utils/string.go:14.9,15.23 1 0
github.com/cafe24-dhkim05/redis-cluster-operator/pkg/utils/string.go:16.9,19.45 1 0
github.com/cafe24-dhkim05/redis-cluster-operator/pkg/utils/string.go:20.9,23.67 1 0
github.com/cafe24-dhkim05/redis-cluster-operator/pkg/utils/string.go:25.2,26.30 2 0
github.com/cafe24-dhkim05/redis-cluster-operator/pkg/utils/string.go:26.30,28.3 1 0
github.com/cafe24-dhkim05/redis-cluster-operator/pkg/utils/string.go:30.2,32.26 3 0
github.com/cafe24-dhkim05/redis-cluster-operator/pkg/utils/string.go:32.26,35.3 2 0
github.com/cafe24-dhkim05/redis-cluster-operator/pkg/utils/string.go:36.2,36.18 1 0
github.com/cafe24-dhkim05/redis-cluster-operator/pkg/utils/types.go:5.28,6.14 1 0
github.com/cafe24-dhkim05/redis-cluster-operator/pkg/utils/types.go:6.14,8.3 1 0
github.com/cafe24-dhkim05/redis-cluster-operator/pkg/utils/types.go:9.2,9.10 1 0
github.com/cafe24-dhkim05/redis-cluster-operator/pkg/resources/statefulsets/helper.go:17.102,18.40 1 0
github.com/cafe24-dhkim05/redis-cluster-operator/pkg/resources/statefulsets/helper.go:18.40,21.23 3 0
github.com/cafe24-dhkim05/redis-cluster-operator/pkg/resources/statefulsets/helper.go:21.23,23.4 1 0
github.com/cafe24-dhkim05/redis-cluster-operator/pkg/resources/statefulsets/helper.go:24.3,24.53 1 0
github.com/cafe24-dhkim05/redis-cluster-operator/pkg/resources/statefulsets/helper.go:24.53,26.4 1 0
github.com/cafe24-dhkim05/redis-cluster-operator/pkg/resources/statefulsets/helper.go:28.2,28.14 1 0
github.com/cafe24-dhkim05/redis-cluster-operator/pkg/resources/statefulsets/helper.go:31.70,32.31 1 0
github.com/cafe24-dhkim05/redis-cluster-operator/pkg/resources/statefulsets/helper.go:32.31,33.24 1 0
github.com/cafe24-dhkim05/redis-cluster-operator/pkg/resources/statefulsets/helper.go:33.24,34.69 1 0
github.com/cafe24-dhkim05/redis-cluster-operator/pkg/resources/statefulsets/helper.go:34.69,36.5 1 0
github.com/cafe24-dhkim05/redis-cluster-operator/pkg/resources/statefulsets/helper.go:39.2,39.11 1 0
github.com/cafe24-dhkim05/redis-cluster-operator/pkg/resources/statefulsets/helper.go:43.96,46.22 3 0
github.com/cafe24-dhkim05/redis-cluster-operator/pkg/resources/statefulsets/helper.go:46.22,48.3 1 0
github.com/cafe24-dhkim05/redis-cluster-operator/pkg/resources/statefulsets/helper.go:49.2,54.16 3 0
github.com/cafe24-dhkim05/redis-cluster-operator/pkg/resources/statefulsets/helper.go:54.16,56.3 1 0
github.com/cafe24-dhkim05/redis-cluster-operator/pkg/resources/statefulsets/helper.go:57.2,57.46 1 0
github.com/cafe24-dhkim05/redis-cluster-operator/pkg/resources/statefulsets/helper.go:61.111,62.40 1 0
github.com/cafe24-dhkim05/redis-cluster-operator/pkg/resources/statefulsets/helper.go:62.40,64.3 1 0
github.com/cafe24-dhkim05/redis-cluster-operator/pkg/resources/statefulsets/helper.go:65.2,70.16 3 0
github.com/cafe24-dhkim05/redis-cluster-operator/pkg/resources/statefulsets/helper.go:70.16,72.3 1 0
github.com/cafe24-dhkim05/redis-cluster-operator/pkg/resources/statefulsets/helper.go:73.2,73.46 1 0
github.com/cafe24-dhkim05/redis-cluster-operator/pkg/resources/statefulsets/statefulset.go:36.57,78.79 7 0
github.com/cafe24-dhkim05/redis-cluster-operator/pkg/resources/statefulsets/statefulset.go:78.79,82.31 2 0
github.com/cafe24-dhkim05/redis-cluster-operator/pkg/resources/statefulsets/statefulset.go:82.31,85.4 1 0
github.com/cafe24-dhkim05/redis-cluster-operator/pkg/resources/statefulsets/statefulset.go:87.2,87.25 1 0
github.com/cafe24-dhkim05/redis-cluster-operator/pkg/resources/statefulsets/statefulset.go:87.25,89.3 1 0
github.com/cafe24-dhkim05/redis-cluster-operator/pkg/resources/statefulsets/statefulset.go:90.2,90.105 1 0
github.com/cafe24-dhkim05/redis-cluster-operator/pkg/resources/statefulsets/statefulset.go:90.105,92.17 2 0
github.com/cafe24-dhkim05/redis-cluster-operator/pkg/resources/statefulsets/statefulset.go:92.17,94.4 1 0
github.com/cafe24-dhkim05/redis-cluster-operator/pkg/resources/statefulsets/statefulset.go:95.3,95.101 1 0
github.com/cafe24-dhkim05/redis-cluster-operator/pkg/resources/statefulsets/statefulset.go:97.2,97.16 1 0
github.com/cafe24-dhkim05/redis-cluster-operator/pkg/resources/statefulsets/statefulset.go:100.109,102.21 2 0
github.com/cafe24-dhkim05/redis-cluster-operator/pkg/resources/statefulsets/statefulset.go:102.21,104.3 1 0
github.com/cafe24-dhkim05/redis-cluster-operator/pkg/resources/statefulsets/statefulset.go:106.2,106.39 1 0
github.com/cafe24-dhkim05/redis-cluster-operator/pkg/resources/statefulsets/statefulset.go:106.39,130.3 1 0
github.com/cafe24-dhkim05/redis-cluster-operator/pkg/resources/statefulsets/statefulset.go:132.2,146.3 1 0
github.com/cafe24-dhkim05/redis-cluster-operator/pkg/resources/statefulsets/statefulset.go:149.125,167.2 2 0
github.com/cafe24-dhkim05/redis-cluster-operator/pkg/resources/statefulsets/statefulset.go:169.63,171.2 1 0
github.com/cafe24-dhkim05/redis-cluster-operator/pkg/resources/statefulsets/statefulset.go:173.56,175.2 1 0
github.com/cafe24-dhkim05/redis-cluster-operator/pkg/resources/statefulsets/statefulset.go:177.104,185.21 2 0
github.com/cafe24-dhkim05/redis-cluster-operator/pkg/resources/statefulsets/statefulset.go:185.21,188.3 1 0
github.com/cafe24-dhkim05/redis-cluster-operator/pkg/resources/statefulsets/statefulset.go:190.2,193.24 3 0
github.com/cafe24-dhkim05/redis-cluster-operator/pkg/resources/statefulsets/statefulset.go:193.24,195.3 1 0
github.com/cafe24-dhkim05/redis-cluster-operator/pkg/resources/statefulsets/statefulset.go:197.2,197.12 1 0
github.com/cafe24-dhkim05/redis-cluster-operator/pkg/resources/statefulsets/statefulset.go:200.88,202.31 2 3
github.com/cafe24-dhkim05/redis-cluster-operator/pkg/resources/statefulsets/statefulset.go:202.31,204.83 2 9
github.com/cafe24-dhkim05/redis-cluster-operator/pkg/resources/statefulsets/statefulset.go:204.83,205.55 1 7
github.com/cafe24-dhkim05/redis-cluster-operator/pkg/resources/statefulsets/statefulset.go:205.55,207.5 1 5
github.com/cafe24-dhkim05/redis-cluster-operator/pkg/resources/statefulsets/statefulset.go:208.9,210.4 1 2
github.com/cafe24-dhkim05/redis-cluster-operator/pkg/resources/statefulsets/statefulset.go:213.2,215.45 3 3
github.com/cafe24-dhkim05/redis-cluster-operator/pkg/resources/statefulsets/statefulset.go:215.45,219.3 3 8
github.com/cafe24-dhkim05/redis-cluster-operator/pkg/resources/statefulsets/statefulset.go:220.2,221.43 2 3
github.com/cafe24-dhkim05/redis-cluster-operator/pkg/resources/statefulsets/statefulset.go:221.43,223.3 1 8
github.com/cafe24-dhkim05/redis-cluster-operator/pkg/resources/statefulsets/statefulset.go:225.2,225.13 1 3
github.com/cafe24-dhkim05/redis-cluster-operator/pkg/resources/statefulsets/statefulset.go:228.117,302.21 3 0
github.com/cafe24-dhkim05/redis-cluster-operator/pkg/resources/statefulsets/statefulset.go:302.21,304.3 1 0
github.com/cafe24-dhkim05/redis-cluster-operator/pkg/resources/statefulsets/statefulset.go:306.2,308.18 2 0
github.com/cafe24-dhkim05/redis-cluster-operator/pkg/resources/statefulsets/statefulset.go:311.119,331.21 2 0
github.com/cafe24-dhkim05/redis-cluster-operator/pkg/resources/statefulsets/statefulset.go:331.21,333.3 1 0
github.com/cafe24-dhkim05/redis-cluster-operator/pkg/resources/statefulsets/statefulset.go:335.2,337.18 2 0
github.com/cafe24-dhkim05/redis-cluster-operator/pkg/resources/statefulsets/statefulset.go:340.124,344.16 4 0
github.com/cafe24-dhkim05/redis-cluster-operator/pkg/resources/statefulsets/statefulset.go:344.16,346.3 1 0
github.com/cafe24-dhkim05/redis-cluster-operator/pkg/resources/statefulsets/statefulset.go:347.2,348.16 2 0
github.com/cafe24-dhkim05/redis-cluster-operator/pkg/resources/statefulsets/statefulset.go:348.16,350.3 1 0
github.com/cafe24-dhkim05/redis-cluster-operator/pkg/resources/statefulsets/statefulset.go:351.2,398.28 3 0
github.com/cafe24-dhkim05/redis-cluster-operator/pkg/resources/statefulsets/statefulset.go:398.28,405.3 1 0
github.com/cafe24-dhkim05/redis-cluster-operator/pkg/resources/statefulsets/statefulset.go:407.2,407.21 1 0
github.com/cafe24-dhkim05/redis-cluster-operator/pkg/resources/statefulsets/statefulset.go:407.21,409.3 1 0
github.com/cafe24-dhkim05/redis-cluster-operator/pkg/resources/statefulsets/statefulset.go:411.2,411.32 1 0
github.com/cafe24-dhkim05/redis-cluster-operator/pkg/resources/statefulsets/statefulset.go:411.32,416.3 4 0
github.com/cafe24-dhkim05/redis-cluster-operator/pkg/resources/statefulsets/statefulset.go:418.2,420.23 2 0
github.com/cafe24-dhkim05/redis-cluster-operator/pkg/resources/statefulsets/statefulset.go:423.89,426.2 2 4
github.com/cafe24-dhkim05/redis-cluster-operator/pkg/resources/statefulsets/statefulset.go:428.42,439.2 1 0
github.com/cafe24-dhkim05/redis-cluster-operator/pkg/resources/statefulsets/statefulset.go:442.83,443.40 1 0
github.com/cafe24-dhkim05/redis-cluster-operator/pkg/resources/statefulsets/statefulset.go:443.40,445.3 1 0
github.com/cafe24-dhkim05/redis-cluster-operator/pkg/resources/statefulsets/statefulset.go:446.2,458.3 2 0
github.com/cafe24-dhkim05/redis-cluster-operator/pkg/resources/statefulsets/statefulset.go:461.83,478.23 4 0
github.com/cafe24-dhkim05/redis-cluster-operator/pkg/resources/statefulsets/statefulset.go:478.23,480.3 1 0
github.com/cafe24-dhkim05/redis-cluster-operator/pkg/resources/statefulsets/statefulset.go:482.2,484.31 1 0
github.com/cafe24-dhkim05/redis-cluster-operator/pkg/resources/statefulsets/statefulset.go:484.31,486.3 1 0
github.com/cafe24-dhkim05/redis-cluster-operator/pkg/resources/statefulsets/statefulset.go:488.2,497.51 2 0
github.com/cafe24-dhkim05/redis-cluster-operator/pkg/resources/statefulsets/statefulset.go:497.51,502.3 1 0
github.com/cafe24-dhkim05/redis-cluster-operator/pkg/resources/statefulsets/statefulset.go:504.2,504.16 1 0
github.com/cafe24-dhkim05/redis-cluster-operator/pkg/resources/statefulsets/statefulset.go:507.35,514.2 1 0
github.com/cafe24-dhkim05/redis-cluster-operator/pkg/resources/statefulsets/statefulset.go:515.85,518.33 1 0
github.com/cafe24-dhkim05/redis-cluster-operator/pkg/resources/statefulsets/statefulset.go:518.33,520.3 1 0
github.com/cafe24-dhkim05/redis-cluster-operator/pkg/resources/statefulsets/statefulset.go:522.2,522.35 1 0
github.com/cafe24-dhkim05/redis-cluster-operator/pkg/resources/statefulsets/statefulset.go:523.31,524.23 1 0
github.com/cafe24-dhkim05/redis-cluster-operator/pkg/resources/statefulsets/statefulset.go:525.37,526.13 1 0
github.com/cafe24-dhkim05/redis-cluster-operator/pkg/resources/statefulsets/statefulset.go:527.10,528.23 1 0
